<?xml version="1.0" encoding="UTF-8"?>
<testsuite xmlns:xsi="http://www.w3.org/2001/XMLSchema-instance" xsi:noNamespaceSchemaLocation="https://maven.apache.org/surefire/maven-surefire-plugin/xsd/surefire-test-report.xsd" version="3.0.2" name="com.petuser.petuser.controller.UsuarioControllerTest" time="0.294" tests="6" errors="0" skipped="0" failures="0">
  <properties>
    <property name="java.specification.version" value="21"/>
    <property name="sun.jnu.encoding" value="UTF-8"/>
    <property name="java.class.path" value="/Users/sebastianvaldiviavillagra/Desktop/proyectos/petuser/target/test-classes:/Users/sebastianvaldiviavillagra/Desktop/proyectos/petuser/target/classes:/Users/sebastianvaldiviavillagra/.m2/repository/org/springframework/boot/spring-boot-starter-actuator/3.4.4/spring-boot-starter-actuator-3.4.4.jar:/Users/sebastianvaldiviavillagra/.m2/repository/org/springframework/boot/spring-boot-starter/3.4.4/spring-boot-starter-3.4.4.jar:/Users/sebastianvaldiviavillagra/.m2/repository/org/springframework/boot/spring-boot-starter-logging/3.4.4/spring-boot-starter-logging-3.4.4.jar:/Users/sebastianvaldiviavillagra/.m2/repository/ch/qos/logback/logback-classic/1.5.18/logback-classic-1.5.18.jar:/Users/sebastianvaldiviavillagra/.m2/repository/ch/qos/logback/logback-core/1.5.18/logback-core-1.5.18.jar:/Users/sebastianvaldiviavillagra/.m2/repository/org/apache/logging/log4j/log4j-to-slf4j/2.24.3/log4j-to-slf4j-2.24.3.jar:/Users/sebastianvaldiviavillagra/.m2/repository/org/apache/logging/log4j/log4j-api/2.24.3/log4j-api-2.24.3.jar:/Users/sebastianvaldiviavillagra/.m2/repository/org/slf4j/jul-to-slf4j/2.0.17/jul-to-slf4j-2.0.17.jar:/Users/sebastianvaldiviavillagra/.m2/repository/jakarta/annotation/jakarta.annotation-api/2.1.1/jakarta.annotation-api-2.1.1.jar:/Users/sebastianvaldiviavillagra/.m2/repository/org/yaml/snakeyaml/2.3/snakeyaml-2.3.jar:/Users/sebastianvaldiviavillagra/.m2/repository/org/springframework/boot/spring-boot-actuator-autoconfigure/3.4.4/spring-boot-actuator-autoconfigure-3.4.4.jar:/Users/sebastianvaldiviavillagra/.m2/repository/org/springframework/boot/spring-boot-actuator/3.4.4/spring-boot-actuator-3.4.4.jar:/Users/sebastianvaldiviavillagra/.m2/repository/com/fasterxml/jackson/core/jackson-databind/2.18.3/jackson-databind-2.18.3.jar:/Users/sebastianvaldiviavillagra/.m2/repository/com/fasterxml/jackson/core/jackson-annotations/2.18.3/jackson-annotations-2.18.3.jar:/Users/sebastianvaldiviavillagra/.m2/repository/com/fasterxml/jackson/core/jackson-core/2.18.3/jackson-core-2.18.3.jar:/Users/sebastianvaldiviavillagra/.m2/repository/com/fasterxml/jackson/datatype/jackson-datatype-jsr310/2.18.3/jackson-datatype-jsr310-2.18.3.jar:/Users/sebastianvaldiviavillagra/.m2/repository/io/micrometer/micrometer-observation/1.14.5/micrometer-observation-1.14.5.jar:/Users/sebastianvaldiviavillagra/.m2/repository/io/micrometer/micrometer-commons/1.14.5/micrometer-commons-1.14.5.jar:/Users/sebastianvaldiviavillagra/.m2/repository/io/micrometer/micrometer-jakarta9/1.14.5/micrometer-jakarta9-1.14.5.jar:/Users/sebastianvaldiviavillagra/.m2/repository/io/micrometer/micrometer-core/1.14.5/micrometer-core-1.14.5.jar:/Users/sebastianvaldiviavillagra/.m2/repository/org/hdrhistogram/HdrHistogram/2.2.2/HdrHistogram-2.2.2.jar:/Users/sebastianvaldiviavillagra/.m2/repository/org/latencyutils/LatencyUtils/2.0.3/LatencyUtils-2.0.3.jar:/Users/sebastianvaldiviavillagra/.m2/repository/org/springframework/boot/spring-boot-starter-web/3.4.4/spring-boot-starter-web-3.4.4.jar:/Users/sebastianvaldiviavillagra/.m2/repository/org/springframework/boot/spring-boot-starter-json/3.4.4/spring-boot-starter-json-3.4.4.jar:/Users/sebastianvaldiviavillagra/.m2/repository/com/fasterxml/jackson/datatype/jackson-datatype-jdk8/2.18.3/jackson-datatype-jdk8-2.18.3.jar:/Users/sebastianvaldiviavillagra/.m2/repository/com/fasterxml/jackson/module/jackson-module-parameter-names/2.18.3/jackson-module-parameter-names-2.18.3.jar:/Users/sebastianvaldiviavillagra/.m2/repository/org/springframework/boot/spring-boot-starter-tomcat/3.4.4/spring-boot-starter-tomcat-3.4.4.jar:/Users/sebastianvaldiviavillagra/.m2/repository/org/apache/tomcat/embed/tomcat-embed-core/10.1.39/tomcat-embed-core-10.1.39.jar:/Users/sebastianvaldiviavillagra/.m2/repository/org/apache/tomcat/embed/tomcat-embed-websocket/10.1.39/tomcat-embed-websocket-10.1.39.jar:/Users/sebastianvaldiviavillagra/.m2/repository/org/springframework/spring-web/6.2.5/spring-web-6.2.5.jar:/Users/sebastianvaldiviavillagra/.m2/repository/org/springframework/spring-beans/6.2.5/spring-beans-6.2.5.jar:/Users/sebastianvaldiviavillagra/.m2/repository/org/springframework/spring-webmvc/6.2.5/spring-webmvc-6.2.5.jar:/Users/sebastianvaldiviavillagra/.m2/repository/org/springframework/spring-aop/6.2.5/spring-aop-6.2.5.jar:/Users/sebastianvaldiviavillagra/.m2/repository/org/springframework/spring-context/6.2.5/spring-context-6.2.5.jar:/Users/sebastianvaldiviavillagra/.m2/repository/org/springframework/spring-expression/6.2.5/spring-expression-6.2.5.jar:/Users/sebastianvaldiviavillagra/.m2/repository/org/springframework/boot/spring-boot-devtools/3.4.4/spring-boot-devtools-3.4.4.jar:/Users/sebastianvaldiviavillagra/.m2/repository/org/springframework/boot/spring-boot/3.4.4/spring-boot-3.4.4.jar:/Users/sebastianvaldiviavillagra/.m2/repository/org/springframework/boot/spring-boot-autoconfigure/3.4.4/spring-boot-autoconfigure-3.4.4.jar:/Users/sebastianvaldiviavillagra/.m2/repository/org/projectlombok/lombok/1.18.36/lombok-1.18.36.jar:/Users/sebastianvaldiviavillagra/.m2/repository/org/springframework/boot/spring-boot-starter-test/3.4.4/spring-boot-starter-test-3.4.4.jar:/Users/sebastianvaldiviavillagra/.m2/repository/org/springframework/boot/spring-boot-test/3.4.4/spring-boot-test-3.4.4.jar:/Users/sebastianvaldiviavillagra/.m2/repository/org/springframework/boot/spring-boot-test-autoconfigure/3.4.4/spring-boot-test-autoconfigure-3.4.4.jar:/Users/sebastianvaldiviavillagra/.m2/repository/com/jayway/jsonpath/json-path/2.9.0/json-path-2.9.0.jar:/Users/sebastianvaldiviavillagra/.m2/repository/org/slf4j/slf4j-api/2.0.17/slf4j-api-2.0.17.jar:/Users/sebastianvaldiviavillagra/.m2/repository/jakarta/xml/bind/jakarta.xml.bind-api/4.0.2/jakarta.xml.bind-api-4.0.2.jar:/Users/sebastianvaldiviavillagra/.m2/repository/jakarta/activation/jakarta.activation-api/2.1.3/jakarta.activation-api-2.1.3.jar:/Users/sebastianvaldiviavillagra/.m2/repository/net/minidev/json-smart/2.5.2/json-smart-2.5.2.jar:/Users/sebastianvaldiviavillagra/.m2/repository/net/minidev/accessors-smart/2.5.2/accessors-smart-2.5.2.jar:/Users/sebastianvaldiviavillagra/.m2/repository/org/ow2/asm/asm/9.7.1/asm-9.7.1.jar:/Users/sebastianvaldiviavillagra/.m2/repository/org/assertj/assertj-core/3.26.3/assertj-core-3.26.3.jar:/Users/sebastianvaldiviavillagra/.m2/repository/net/bytebuddy/byte-buddy/1.15.11/byte-buddy-1.15.11.jar:/Users/sebastianvaldiviavillagra/.m2/repository/org/awaitility/awaitility/4.2.2/awaitility-4.2.2.jar:/Users/sebastianvaldiviavillagra/.m2/repository/org/hamcrest/hamcrest/2.2/hamcrest-2.2.jar:/Users/sebastianvaldiviavillagra/.m2/repository/org/junit/jupiter/junit-jupiter/5.11.4/junit-jupiter-5.11.4.jar:/Users/sebastianvaldiviavillagra/.m2/repository/org/junit/jupiter/junit-jupiter-api/5.11.4/junit-jupiter-api-5.11.4.jar:/Users/sebastianvaldiviavillagra/.m2/repository/org/opentest4j/opentest4j/1.3.0/opentest4j-1.3.0.jar:/Users/sebastianvaldiviavillagra/.m2/repository/org/junit/platform/junit-platform-commons/1.11.4/junit-platform-commons-1.11.4.jar:/Users/sebastianvaldiviavillagra/.m2/repository/org/apiguardian/apiguardian-api/1.1.2/apiguardian-api-1.1.2.jar:/Users/sebastianvaldiviavillagra/.m2/repository/org/junit/jupiter/junit-jupiter-params/5.11.4/junit-jupiter-params-5.11.4.jar:/Users/sebastianvaldiviavillagra/.m2/repository/org/junit/jupiter/junit-jupiter-engine/5.11.4/junit-jupiter-engine-5.11.4.jar:/Users/sebastianvaldiviavillagra/.m2/repository/org/junit/platform/junit-platform-engine/1.11.4/junit-platform-engine-1.11.4.jar:/Users/sebastianvaldiviavillagra/.m2/repository/org/mockito/mockito-core/5.14.2/mockito-core-5.14.2.jar:/Users/sebastianvaldiviavillagra/.m2/repository/net/bytebuddy/byte-buddy-agent/1.15.11/byte-buddy-agent-1.15.11.jar:/Users/sebastianvaldiviavillagra/.m2/repository/org/objenesis/objenesis/3.3/objenesis-3.3.jar:/Users/sebastianvaldiviavillagra/.m2/repository/org/mockito/mockito-junit-jupiter/5.14.2/mockito-junit-jupiter-5.14.2.jar:/Users/sebastianvaldiviavillagra/.m2/repository/org/skyscreamer/jsonassert/1.5.3/jsonassert-1.5.3.jar:/Users/sebastianvaldiviavillagra/.m2/repository/com/vaadin/external/google/android-json/0.0.20131108.vaadin1/android-json-0.0.20131108.vaadin1.jar:/Users/sebastianvaldiviavillagra/.m2/repository/org/springframework/spring-core/6.2.5/spring-core-6.2.5.jar:/Users/sebastianvaldiviavillagra/.m2/repository/org/springframework/spring-jcl/6.2.5/spring-jcl-6.2.5.jar:/Users/sebastianvaldiviavillagra/.m2/repository/org/springframework/spring-test/6.2.5/spring-test-6.2.5.jar:/Users/sebastianvaldiviavillagra/.m2/repository/org/xmlunit/xmlunit-core/2.10.0/xmlunit-core-2.10.0.jar:/Users/sebastianvaldiviavillagra/.m2/repository/org/springframework/boot/spring-boot-starter-data-jpa/3.4.4/spring-boot-starter-data-jpa-3.4.4.jar:/Users/sebastianvaldiviavillagra/.m2/repository/org/springframework/boot/spring-boot-starter-jdbc/3.4.4/spring-boot-starter-jdbc-3.4.4.jar:/Users/sebastianvaldiviavillagra/.m2/repository/com/zaxxer/HikariCP/5.1.0/HikariCP-5.1.0.jar:/Users/sebastianvaldiviavillagra/.m2/repository/org/springframework/spring-jdbc/6.2.5/spring-jdbc-6.2.5.jar:/Users/sebastianvaldiviavillagra/.m2/repository/org/hibernate/orm/hibernate-core/6.6.11.Final/hibernate-core-6.6.11.Final.jar:/Users/sebastianvaldiviavillagra/.m2/repository/jakarta/persistence/jakarta.persistence-api/3.1.0/jakarta.persistence-api-3.1.0.jar:/Users/sebastianvaldiviavillagra/.m2/repository/jakarta/transaction/jakarta.transaction-api/2.0.1/jakarta.transaction-api-2.0.1.jar:/Users/sebastianvaldiviavillagra/.m2/repository/org/jboss/logging/jboss-logging/3.6.1.Final/jboss-logging-3.6.1.Final.jar:/Users/sebastianvaldiviavillagra/.m2/repository/org/hibernate/common/hibernate-commons-annotations/7.0.3.Final/hibernate-commons-annotations-7.0.3.Final.jar:/Users/sebastianvaldiviavillagra/.m2/repository/io/smallrye/jandex/3.2.0/jandex-3.2.0.jar:/Users/sebastianvaldiviavillagra/.m2/repository/com/fasterxml/classmate/1.7.0/classmate-1.7.0.jar:/Users/sebastianvaldiviavillagra/.m2/repository/org/glassfish/jaxb/jaxb-runtime/4.0.5/jaxb-runtime-4.0.5.jar:/Users/sebastianvaldiviavillagra/.m2/repository/org/glassfish/jaxb/jaxb-core/4.0.5/jaxb-core-4.0.5.jar:/Users/sebastianvaldiviavillagra/.m2/repository/org/eclipse/angus/angus-activation/2.0.2/angus-activation-2.0.2.jar:/Users/sebastianvaldiviavillagra/.m2/repository/org/glassfish/jaxb/txw2/4.0.5/txw2-4.0.5.jar:/Users/sebastianvaldiviavillagra/.m2/repository/com/sun/istack/istack-commons-runtime/4.1.2/istack-commons-runtime-4.1.2.jar:/Users/sebastianvaldiviavillagra/.m2/repository/jakarta/inject/jakarta.inject-api/2.0.1/jakarta.inject-api-2.0.1.jar:/Users/sebastianvaldiviavillagra/.m2/repository/org/antlr/antlr4-runtime/4.13.0/antlr4-runtime-4.13.0.jar:/Users/sebastianvaldiviavillagra/.m2/repository/org/springframework/data/spring-data-jpa/3.4.4/spring-data-jpa-3.4.4.jar:/Users/sebastianvaldiviavillagra/.m2/repository/org/springframework/data/spring-data-commons/3.4.4/spring-data-commons-3.4.4.jar:/Users/sebastianvaldiviavillagra/.m2/repository/org/springframework/spring-orm/6.2.5/spring-orm-6.2.5.jar:/Users/sebastianvaldiviavillagra/.m2/repository/org/springframework/spring-tx/6.2.5/spring-tx-6.2.5.jar:/Users/sebastianvaldiviavillagra/.m2/repository/org/springframework/spring-aspects/6.2.5/spring-aspects-6.2.5.jar:/Users/sebastianvaldiviavillagra/.m2/repository/org/aspectj/aspectjweaver/1.9.23/aspectjweaver-1.9.23.jar:/Users/sebastianvaldiviavillagra/.m2/repository/com/oracle/database/jdbc/ojdbc11/23.5.0.24.07/ojdbc11-23.5.0.24.07.jar:/Users/sebastianvaldiviavillagra/.m2/repository/com/oracle/database/security/oraclepki/21.5.0.0/oraclepki-21.5.0.0.jar:/Users/sebastianvaldiviavillagra/.m2/repository/com/oracle/database/security/osdt_cert/21.5.0.0/osdt_cert-21.5.0.0.jar:/Users/sebastianvaldiviavillagra/.m2/repository/com/oracle/database/security/osdt_core/21.5.0.0/osdt_core-21.5.0.0.jar:/Users/sebastianvaldiviavillagra/.m2/repository/org/springframework/boot/spring-boot-starter-validation/3.4.4/spring-boot-starter-validation-3.4.4.jar:/Users/sebastianvaldiviavillagra/.m2/repository/org/apache/tomcat/embed/tomcat-embed-el/10.1.39/tomcat-embed-el-10.1.39.jar:/Users/sebastianvaldiviavillagra/.m2/repository/org/hibernate/validator/hibernate-validator/8.0.2.Final/hibernate-validator-8.0.2.Final.jar:/Users/sebastianvaldiviavillagra/.m2/repository/jakarta/validation/jakarta.validation-api/3.0.2/jakarta.validation-api-3.0.2.jar:"/>
    <property name="java.vm.vendor" value="Eclipse Adoptium"/>
    <property name="sun.arch.data.model" value="64"/>
    <property name="java.vendor.url" value="https://adoptium.net/"/>
    <property name="user.timezone" value="America/Santiago"/>
    <property name="org.jboss.logging.provider" value="slf4j"/>
    <property name="os.name" value="Mac OS X"/>
    <property name="java.vm.specification.version" value="21"/>
    <property name="APPLICATION_NAME" value="petuser"/>
    <property name="sun.java.launcher" value="SUN_STANDARD"/>
    <property name="user.country" value="CL"/>
    <property name="sun.boot.library.path" value="/Library/Java/JavaVirtualMachines/temurin-21.jdk/Contents/Home/lib"/>
    <property name="sun.java.command" value="/Users/sebastianvaldiviavillagra/Desktop/proyectos/petuser/target/surefire/surefirebooter-20250501180215102_3.jar /Users/sebastianvaldiviavillagra/Desktop/proyectos/petuser/target/surefire 2025-05-01T18-02-15_072-jvmRun1 surefire-20250501180215102_1tmp surefire_0-20250501180215102_2tmp"/>
    <property name="http.nonProxyHosts" value="local|*.local|169.254/16|*.169.254/16"/>
    <property name="jdk.debug" value="release"/>
    <property name="surefire.test.class.path" value="/Users/sebastianvaldiviavillagra/Desktop/proyectos/petuser/target/test-classes:/Users/sebastianvaldiviavillagra/Desktop/proyectos/petuser/target/classes:/Users/sebastianvaldiviavillagra/.m2/repository/org/springframework/boot/spring-boot-starter-actuator/3.4.4/spring-boot-starter-actuator-3.4.4.jar:/Users/sebastianvaldiviavillagra/.m2/repository/org/springframework/boot/spring-boot-starter/3.4.4/spring-boot-starter-3.4.4.jar:/Users/sebastianvaldiviavillagra/.m2/repository/org/springframework/boot/spring-boot-starter-logging/3.4.4/spring-boot-starter-logging-3.4.4.jar:/Users/sebastianvaldiviavillagra/.m2/repository/ch/qos/logback/logback-classic/1.5.18/logback-classic-1.5.18.jar:/Users/sebastianvaldiviavillagra/.m2/repository/ch/qos/logback/logback-core/1.5.18/logback-core-1.5.18.jar:/Users/sebastianvaldiviavillagra/.m2/repository/org/apache/logging/log4j/log4j-to-slf4j/2.24.3/log4j-to-slf4j-2.24.3.jar:/Users/sebastianvaldiviavillagra/.m2/repository/org/apache/logging/log4j/log4j-api/2.24.3/log4j-api-2.24.3.jar:/Users/sebastianvaldiviavillagra/.m2/repository/org/slf4j/jul-to-slf4j/2.0.17/jul-to-slf4j-2.0.17.jar:/Users/sebastianvaldiviavillagra/.m2/repository/jakarta/annotation/jakarta.annotation-api/2.1.1/jakarta.annotation-api-2.1.1.jar:/Users/sebastianvaldiviavillagra/.m2/repository/org/yaml/snakeyaml/2.3/snakeyaml-2.3.jar:/Users/sebastianvaldiviavillagra/.m2/repository/org/springframework/boot/spring-boot-actuator-autoconfigure/3.4.4/spring-boot-actuator-autoconfigure-3.4.4.jar:/Users/sebastianvaldiviavillagra/.m2/repository/org/springframework/boot/spring-boot-actuator/3.4.4/spring-boot-actuator-3.4.4.jar:/Users/sebastianvaldiviavillagra/.m2/repository/com/fasterxml/jackson/core/jackson-databind/2.18.3/jackson-databind-2.18.3.jar:/Users/sebastianvaldiviavillagra/.m2/repository/com/fasterxml/jackson/core/jackson-annotations/2.18.3/jackson-annotations-2.18.3.jar:/Users/sebastianvaldiviavillagra/.m2/repository/com/fasterxml/jackson/core/jackson-core/2.18.3/jackson-core-2.18.3.jar:/Users/sebastianvaldiviavillagra/.m2/repository/com/fasterxml/jackson/datatype/jackson-datatype-jsr310/2.18.3/jackson-datatype-jsr310-2.18.3.jar:/Users/sebastianvaldiviavillagra/.m2/repository/io/micrometer/micrometer-observation/1.14.5/micrometer-observation-1.14.5.jar:/Users/sebastianvaldiviavillagra/.m2/repository/io/micrometer/micrometer-commons/1.14.5/micrometer-commons-1.14.5.jar:/Users/sebastianvaldiviavillagra/.m2/repository/io/micrometer/micrometer-jakarta9/1.14.5/micrometer-jakarta9-1.14.5.jar:/Users/sebastianvaldiviavillagra/.m2/repository/io/micrometer/micrometer-core/1.14.5/micrometer-core-1.14.5.jar:/Users/sebastianvaldiviavillagra/.m2/repository/org/hdrhistogram/HdrHistogram/2.2.2/HdrHistogram-2.2.2.jar:/Users/sebastianvaldiviavillagra/.m2/repository/org/latencyutils/LatencyUtils/2.0.3/LatencyUtils-2.0.3.jar:/Users/sebastianvaldiviavillagra/.m2/repository/org/springframework/boot/spring-boot-starter-web/3.4.4/spring-boot-starter-web-3.4.4.jar:/Users/sebastianvaldiviavillagra/.m2/repository/org/springframework/boot/spring-boot-starter-json/3.4.4/spring-boot-starter-json-3.4.4.jar:/Users/sebastianvaldiviavillagra/.m2/repository/com/fasterxml/jackson/datatype/jackson-datatype-jdk8/2.18.3/jackson-datatype-jdk8-2.18.3.jar:/Users/sebastianvaldiviavillagra/.m2/repository/com/fasterxml/jackson/module/jackson-module-parameter-names/2.18.3/jackson-module-parameter-names-2.18.3.jar:/Users/sebastianvaldiviavillagra/.m2/repository/org/springframework/boot/spring-boot-starter-tomcat/3.4.4/spring-boot-starter-tomcat-3.4.4.jar:/Users/sebastianvaldiviavillagra/.m2/repository/org/apache/tomcat/embed/tomcat-embed-core/10.1.39/tomcat-embed-core-10.1.39.jar:/Users/sebastianvaldiviavillagra/.m2/repository/org/apache/tomcat/embed/tomcat-embed-websocket/10.1.39/tomcat-embed-websocket-10.1.39.jar:/Users/sebastianvaldiviavillagra/.m2/repository/org/springframework/spring-web/6.2.5/spring-web-6.2.5.jar:/Users/sebastianvaldiviavillagra/.m2/repository/org/springframework/spring-beans/6.2.5/spring-beans-6.2.5.jar:/Users/sebastianvaldiviavillagra/.m2/repository/org/springframework/spring-webmvc/6.2.5/spring-webmvc-6.2.5.jar:/Users/sebastianvaldiviavillagra/.m2/repository/org/springframework/spring-aop/6.2.5/spring-aop-6.2.5.jar:/Users/sebastianvaldiviavillagra/.m2/repository/org/springframework/spring-context/6.2.5/spring-context-6.2.5.jar:/Users/sebastianvaldiviavillagra/.m2/repository/org/springframework/spring-expression/6.2.5/spring-expression-6.2.5.jar:/Users/sebastianvaldiviavillagra/.m2/repository/org/springframework/boot/spring-boot-devtools/3.4.4/spring-boot-devtools-3.4.4.jar:/Users/sebastianvaldiviavillagra/.m2/repository/org/springframework/boot/spring-boot/3.4.4/spring-boot-3.4.4.jar:/Users/sebastianvaldiviavillagra/.m2/repository/org/springframework/boot/spring-boot-autoconfigure/3.4.4/spring-boot-autoconfigure-3.4.4.jar:/Users/sebastianvaldiviavillagra/.m2/repository/org/projectlombok/lombok/1.18.36/lombok-1.18.36.jar:/Users/sebastianvaldiviavillagra/.m2/repository/org/springframework/boot/spring-boot-starter-test/3.4.4/spring-boot-starter-test-3.4.4.jar:/Users/sebastianvaldiviavillagra/.m2/repository/org/springframework/boot/spring-boot-test/3.4.4/spring-boot-test-3.4.4.jar:/Users/sebastianvaldiviavillagra/.m2/repository/org/springframework/boot/spring-boot-test-autoconfigure/3.4.4/spring-boot-test-autoconfigure-3.4.4.jar:/Users/sebastianvaldiviavillagra/.m2/repository/com/jayway/jsonpath/json-path/2.9.0/json-path-2.9.0.jar:/Users/sebastianvaldiviavillagra/.m2/repository/org/slf4j/slf4j-api/2.0.17/slf4j-api-2.0.17.jar:/Users/sebastianvaldiviavillagra/.m2/repository/jakarta/xml/bind/jakarta.xml.bind-api/4.0.2/jakarta.xml.bind-api-4.0.2.jar:/Users/sebastianvaldiviavillagra/.m2/repository/jakarta/activation/jakarta.activation-api/2.1.3/jakarta.activation-api-2.1.3.jar:/Users/sebastianvaldiviavillagra/.m2/repository/net/minidev/json-smart/2.5.2/json-smart-2.5.2.jar:/Users/sebastianvaldiviavillagra/.m2/repository/net/minidev/accessors-smart/2.5.2/accessors-smart-2.5.2.jar:/Users/sebastianvaldiviavillagra/.m2/repository/org/ow2/asm/asm/9.7.1/asm-9.7.1.jar:/Users/sebastianvaldiviavillagra/.m2/repository/org/assertj/assertj-core/3.26.3/assertj-core-3.26.3.jar:/Users/sebastianvaldiviavillagra/.m2/repository/net/bytebuddy/byte-buddy/1.15.11/byte-buddy-1.15.11.jar:/Users/sebastianvaldiviavillagra/.m2/repository/org/awaitility/awaitility/4.2.2/awaitility-4.2.2.jar:/Users/sebastianvaldiviavillagra/.m2/repository/org/hamcrest/hamcrest/2.2/hamcrest-2.2.jar:/Users/sebastianvaldiviavillagra/.m2/repository/org/junit/jupiter/junit-jupiter/5.11.4/junit-jupiter-5.11.4.jar:/Users/sebastianvaldiviavillagra/.m2/repository/org/junit/jupiter/junit-jupiter-api/5.11.4/junit-jupiter-api-5.11.4.jar:/Users/sebastianvaldiviavillagra/.m2/repository/org/opentest4j/opentest4j/1.3.0/opentest4j-1.3.0.jar:/Users/sebastianvaldiviavillagra/.m2/repository/org/junit/platform/junit-platform-commons/1.11.4/junit-platform-commons-1.11.4.jar:/Users/sebastianvaldiviavillagra/.m2/repository/org/apiguardian/apiguardian-api/1.1.2/apiguardian-api-1.1.2.jar:/Users/sebastianvaldiviavillagra/.m2/repository/org/junit/jupiter/junit-jupiter-params/5.11.4/junit-jupiter-params-5.11.4.jar:/Users/sebastianvaldiviavillagra/.m2/repository/org/junit/jupiter/junit-jupiter-engine/5.11.4/junit-jupiter-engine-5.11.4.jar:/Users/sebastianvaldiviavillagra/.m2/repository/org/junit/platform/junit-platform-engine/1.11.4/junit-platform-engine-1.11.4.jar:/Users/sebastianvaldiviavillagra/.m2/repository/org/mockito/mockito-core/5.14.2/mockito-core-5.14.2.jar:/Users/sebastianvaldiviavillagra/.m2/repository/net/bytebuddy/byte-buddy-agent/1.15.11/byte-buddy-agent-1.15.11.jar:/Users/sebastianvaldiviavillagra/.m2/repository/org/objenesis/objenesis/3.3/objenesis-3.3.jar:/Users/sebastianvaldiviavillagra/.m2/repository/org/mockito/mockito-junit-jupiter/5.14.2/mockito-junit-jupiter-5.14.2.jar:/Users/sebastianvaldiviavillagra/.m2/repository/org/skyscreamer/jsonassert/1.5.3/jsonassert-1.5.3.jar:/Users/sebastianvaldiviavillagra/.m2/repository/com/vaadin/external/google/android-json/0.0.20131108.vaadin1/android-json-0.0.20131108.vaadin1.jar:/Users/sebastianvaldiviavillagra/.m2/repository/org/springframework/spring-core/6.2.5/spring-core-6.2.5.jar:/Users/sebastianvaldiviavillagra/.m2/repository/org/springframework/spring-jcl/6.2.5/spring-jcl-6.2.5.jar:/Users/sebastianvaldiviavillagra/.m2/repository/org/springframework/spring-test/6.2.5/spring-test-6.2.5.jar:/Users/sebastianvaldiviavillagra/.m2/repository/org/xmlunit/xmlunit-core/2.10.0/xmlunit-core-2.10.0.jar:/Users/sebastianvaldiviavillagra/.m2/repository/org/springframework/boot/spring-boot-starter-data-jpa/3.4.4/spring-boot-starter-data-jpa-3.4.4.jar:/Users/sebastianvaldiviavillagra/.m2/repository/org/springframework/boot/spring-boot-starter-jdbc/3.4.4/spring-boot-starter-jdbc-3.4.4.jar:/Users/sebastianvaldiviavillagra/.m2/repository/com/zaxxer/HikariCP/5.1.0/HikariCP-5.1.0.jar:/Users/sebastianvaldiviavillagra/.m2/repository/org/springframework/spring-jdbc/6.2.5/spring-jdbc-6.2.5.jar:/Users/sebastianvaldiviavillagra/.m2/repository/org/hibernate/orm/hibernate-core/6.6.11.Final/hibernate-core-6.6.11.Final.jar:/Users/sebastianvaldiviavillagra/.m2/repository/jakarta/persistence/jakarta.persistence-api/3.1.0/jakarta.persistence-api-3.1.0.jar:/Users/sebastianvaldiviavillagra/.m2/repository/jakarta/transaction/jakarta.transaction-api/2.0.1/jakarta.transaction-api-2.0.1.jar:/Users/sebastianvaldiviavillagra/.m2/repository/org/jboss/logging/jboss-logging/3.6.1.Final/jboss-logging-3.6.1.Final.jar:/Users/sebastianvaldiviavillagra/.m2/repository/org/hibernate/common/hibernate-commons-annotations/7.0.3.Final/hibernate-commons-annotations-7.0.3.Final.jar:/Users/sebastianvaldiviavillagra/.m2/repository/io/smallrye/jandex/3.2.0/jandex-3.2.0.jar:/Users/sebastianvaldiviavillagra/.m2/repository/com/fasterxml/classmate/1.7.0/classmate-1.7.0.jar:/Users/sebastianvaldiviavillagra/.m2/repository/org/glassfish/jaxb/jaxb-runtime/4.0.5/jaxb-runtime-4.0.5.jar:/Users/sebastianvaldiviavillagra/.m2/repository/org/glassfish/jaxb/jaxb-core/4.0.5/jaxb-core-4.0.5.jar:/Users/sebastianvaldiviavillagra/.m2/repository/org/eclipse/angus/angus-activation/2.0.2/angus-activation-2.0.2.jar:/Users/sebastianvaldiviavillagra/.m2/repository/org/glassfish/jaxb/txw2/4.0.5/txw2-4.0.5.jar:/Users/sebastianvaldiviavillagra/.m2/repository/com/sun/istack/istack-commons-runtime/4.1.2/istack-commons-runtime-4.1.2.jar:/Users/sebastianvaldiviavillagra/.m2/repository/jakarta/inject/jakarta.inject-api/2.0.1/jakarta.inject-api-2.0.1.jar:/Users/sebastianvaldiviavillagra/.m2/repository/org/antlr/antlr4-runtime/4.13.0/antlr4-runtime-4.13.0.jar:/Users/sebastianvaldiviavillagra/.m2/repository/org/springframework/data/spring-data-jpa/3.4.4/spring-data-jpa-3.4.4.jar:/Users/sebastianvaldiviavillagra/.m2/repository/org/springframework/data/spring-data-commons/3.4.4/spring-data-commons-3.4.4.jar:/Users/sebastianvaldiviavillagra/.m2/repository/org/springframework/spring-orm/6.2.5/spring-orm-6.2.5.jar:/Users/sebastianvaldiviavillagra/.m2/repository/org/springframework/spring-tx/6.2.5/spring-tx-6.2.5.jar:/Users/sebastianvaldiviavillagra/.m2/repository/org/springframework/spring-aspects/6.2.5/spring-aspects-6.2.5.jar:/Users/sebastianvaldiviavillagra/.m2/repository/org/aspectj/aspectjweaver/1.9.23/aspectjweaver-1.9.23.jar:/Users/sebastianvaldiviavillagra/.m2/repository/com/oracle/database/jdbc/ojdbc11/23.5.0.24.07/ojdbc11-23.5.0.24.07.jar:/Users/sebastianvaldiviavillagra/.m2/repository/com/oracle/database/security/oraclepki/21.5.0.0/oraclepki-21.5.0.0.jar:/Users/sebastianvaldiviavillagra/.m2/repository/com/oracle/database/security/osdt_cert/21.5.0.0/osdt_cert-21.5.0.0.jar:/Users/sebastianvaldiviavillagra/.m2/repository/com/oracle/database/security/osdt_core/21.5.0.0/osdt_core-21.5.0.0.jar:/Users/sebastianvaldiviavillagra/.m2/repository/org/springframework/boot/spring-boot-starter-validation/3.4.4/spring-boot-starter-validation-3.4.4.jar:/Users/sebastianvaldiviavillagra/.m2/repository/org/apache/tomcat/embed/tomcat-embed-el/10.1.39/tomcat-embed-el-10.1.39.jar:/Users/sebastianvaldiviavillagra/.m2/repository/org/hibernate/validator/hibernate-validator/8.0.2.Final/hibernate-validator-8.0.2.Final.jar:/Users/sebastianvaldiviavillagra/.m2/repository/jakarta/validation/jakarta.validation-api/3.0.2/jakarta.validation-api-3.0.2.jar:"/>
    <property name="sun.cpu.endian" value="little"/>
    <property name="user.home" value="/Users/sebastianvaldiviavillagra"/>
    <property name="user.language" value="es"/>
    <property name="java.specification.vendor" value="Oracle Corporation"/>
    <property name="java.version.date" value="2025-01-21"/>
    <property name="java.home" value="/Library/Java/JavaVirtualMachines/temurin-21.jdk/Contents/Home"/>
    <property name="file.separator" value="/"/>
    <property name="basedir" value="/Users/sebastianvaldiviavillagra/Desktop/proyectos/petuser"/>
    <property name="java.vm.compressedOopsMode" value="Zero based"/>
    <property name="line.separator" value="&#10;"/>
    <property name="java.vm.specification.vendor" value="Oracle Corporation"/>
    <property name="java.specification.name" value="Java Platform API Specification"/>
    <property name="FILE_LOG_CHARSET" value="UTF-8"/>
    <property name="java.awt.headless" value="true"/>
    <property name="apple.awt.application.name" value="ForkedBooter"/>
    <property name="surefire.real.class.path" value="/Users/sebastianvaldiviavillagra/Desktop/proyectos/petuser/target/surefire/surefirebooter-20250501180215102_3.jar"/>
    <property name="sun.management.compiler" value="HotSpot 64-Bit Tiered Compilers"/>
    <property name="ftp.nonProxyHosts" value="local|*.local|169.254/16|*.169.254/16"/>
    <property name="java.runtime.version" value="21.0.6+7-LTS"/>
    <property name="user.name" value="sebastianvaldiviavillagra"/>
    <property name="stdout.encoding" value="UTF-8"/>
    <property name="path.separator" value=":"/>
    <property name="os.version" value="15.3.1"/>
    <property name="java.runtime.name" value="OpenJDK Runtime Environment"/>
    <property name="file.encoding" value="UTF-8"/>
    <property name="java.vm.name" value="OpenJDK 64-Bit Server VM"/>
    <property name="java.vendor.version" value="Temurin-21.0.6+7"/>
    <property name="localRepository" value="/Users/sebastianvaldiviavillagra/.m2/repository"/>
    <property name="java.vendor.url.bug" value="https://github.com/adoptium/adoptium-support/issues"/>
    <property name="java.io.tmpdir" value="/var/folders/z1/56hc2lwj3zg16g076f_r940m0000gn/T/"/>
    <property name="com.zaxxer.hikari.pool_number" value="2"/>
    <property name="java.version" value="21.0.6"/>
    <property name="user.dir" value="/Users/sebastianvaldiviavillagra/Desktop/proyectos/petuser"/>
    <property name="os.arch" value="aarch64"/>
    <property name="java.vm.specification.name" value="Java Virtual Machine Specification"/>
    <property name="PID" value="12281"/>
    <property name="CONSOLE_LOG_CHARSET" value="UTF-8"/>
    <property name="native.encoding" value="UTF-8"/>
    <property name="java.library.path" value="/Users/sebastianvaldiviavillagra/Library/Java/Extensions:/Library/Java/Extensions:/Network/Library/Java/Extensions:/System/Library/Java/Extensions:/usr/lib/java:."/>
    <property name="java.vm.info" value="mixed mode, sharing"/>
    <property name="stderr.encoding" value="UTF-8"/>
    <property name="java.vendor" value="Eclipse Adoptium"/>
    <property name="java.vm.version" value="21.0.6+7-LTS"/>
    <property name="sun.io.unicode.encoding" value="UnicodeBig"/>
    <property name="socksNonProxyHosts" value="local|*.local|169.254/16|*.169.254/16"/>
    <property name="java.class.version" value="65.0"/>
    <property name="LOGGED_APPLICATION_NAME" value="[petuser] "/>
  </properties>
  <testcase name="loginFailedTest" classname="com.petuser.petuser.controller.UsuarioControllerTest" time="0.056">
    <system-out><![CDATA[2025-05-01T18:02:24.868-04:00 DEBUG 12281 --- [petuser] [           main] .b.t.a.w.s.WebMvcTestContextBootstrapper : Neither @ContextConfiguration nor @ContextHierarchy found for test class [UsuarioControllerTest]: using SpringBootContextLoader
2025-05-01T18:02:24.868-04:00 DEBUG 12281 --- [petuser] [           main] o.s.t.c.support.AbstractContextLoader    : Could not detect default resource locations for test class [com.petuser.petuser.controller.UsuarioControllerTest]: no resource found for suffixes {-context.xml, Context.groovy}.
2025-05-01T18:02:24.868-04:00  INFO 12281 --- [petuser] [           main] t.c.s.AnnotationConfigContextLoaderUtils : Could not detect default configuration classes for test class [com.petuser.petuser.controller.UsuarioControllerTest]: UsuarioControllerTest does not declare any static, non-private, non-final, nested classes annotated with @Configuration.
2025-05-01T18:02:24.868-04:00 DEBUG 12281 --- [petuser] [           main] .b.t.a.w.s.WebMvcTestContextBootstrapper : Using ContextCustomizerFactory implementations for test class [UsuarioControllerTest]: [ImportsContextCustomizerFactory, ExcludeFilterContextCustomizerFactory, HttpGraphQlTesterContextCustomizerFactory, DuplicateJsonObjectContextCustomizerFactory, MockitoContextCustomizerFactory, TestRestTemplateContextCustomizerFactory, WebTestClientContextCustomizerFactory, DisableReactorResourceFactoryGlobalResourcesContextCustomizerFactory, OnFailureConditionReportContextCustomizerFactory, OverrideAutoConfigurationContextCustomizerFactory, ObservabilityContextCustomizerFactory, TypeExcludeFiltersContextCustomizerFactory, PropertyMappingContextCustomizerFactory, WebDriverContextCustomizerFactory, BeanOverrideContextCustomizerFactory, MockServerContainerContextCustomizerFactory, DynamicPropertiesContextCustomizerFactory]
2025-05-01T18:02:24.871-04:00 DEBUG 12281 --- [petuser] [           main] .b.t.a.w.s.WebMvcTestContextBootstrapper : Using ContextCustomizers for test class [UsuarioControllerTest]: [ImportsContextCustomizer, ExcludeFilterContextCustomizer, DuplicateJsonObjectContextCustomizer, MockitoContextCustomizer, DisableReactorResourceFactoryGlobalResourcesContextCustomizerCustomizer, OnFailureConditionReportContextCustomizer, DisableAutoConfigurationContextCustomizer, DisableObservabilityContextCustomizer, TypeExcludeFiltersContextCustomizer, PropertyMappingContextCustomizer, WebDriverContextCustomizer, DynamicPropertiesContextCustomizer]
2025-05-01T18:02:24.874-04:00 DEBUG 12281 --- [petuser] [           main] ssPathScanningCandidateComponentProvider : Identified candidate component class: file [/Users/sebastianvaldiviavillagra/Desktop/proyectos/petuser/target/classes/com/petuser/petuser/PetuserApplication.class]
2025-05-01T18:02:24.874-04:00  INFO 12281 --- [petuser] [           main] .b.t.c.SpringBootTestContextBootstrapper : Found @SpringBootConfiguration com.petuser.petuser.PetuserApplication for test class com.petuser.petuser.controller.UsuarioControllerTest
2025-05-01T18:02:24.875-04:00 DEBUG 12281 --- [petuser] [           main] .s.t.c.u.TestContextSpringFactoriesUtils : Skipping candidate TestExecutionListener [org.springframework.test.context.observation.MicrometerObservationRegistryTestExecutionListener] due to a missing dependency. Specify custom TestExecutionListener classes or make the default TestExecutionListener classes and their required dependencies available. Offending class: io.micrometer.context.ThreadLocalAccessor. MicrometerObservationRegistryTestExecutionListener requires io.micrometer:micrometer-observation:1.10.8 or higher and io.micrometer:context-propagation:1.0.3 or higher.
2025-05-01T18:02:24.875-04:00 DEBUG 12281 --- [petuser] [           main] .b.t.a.w.s.WebMvcTestContextBootstrapper : Using TestExecutionListeners for test class [UsuarioControllerTest]: [ServletTestExecutionListener, DirtiesContextBeforeModesTestExecutionListener, ApplicationEventsTestExecutionListener, MockitoTestExecutionListener, BeanOverrideTestExecutionListener, DependencyInjectionTestExecutionListener, DirtiesContextTestExecutionListener, CommonCachesTestExecutionListener, TransactionalTestExecutionListener, SqlScriptsTestExecutionListener, EventPublishingTestExecutionListener, ResetMocksTestExecutionListener, RestDocsTestExecutionListener, MockRestServiceServerResetTestExecutionListener, MockMvcPrintOnlyOnFailureTestExecutionListener, WebDriverTestExecutionListener, MockWebServiceServerTestExecutionListener, MockitoResetTestExecutionListener]
2025-05-01T18:02:24.875-04:00 DEBUG 12281 --- [petuser] [           main] sContextBeforeModesTestExecutionListener : Before test class: class [UsuarioControllerTest], class annotated with @DirtiesContext [false] with mode [null]
2025-05-01T18:02:24.875-04:00  INFO 12281 --- [petuser] [           main] o.s.b.d.r.RestartApplicationListener     : Restart disabled due to context in which it is running
2025-05-01T18:02:24.880-04:00 DEBUG 12281 --- [petuser] [           main] .s.b.w.s.c.ApplicationServletEnvironment : Activating profiles []
2025-05-01T18:02:24.880-04:00 DEBUG 12281 --- [petuser] [           main] o.s.c.e.PropertySourcesPropertyResolver  : Found key 'spring.application.name' in PropertySource 'configurationProperties' with value of type String

  .   ____          _            __ _ _
 /\\ / ___'_ __ _ _(_)_ __  __ _ \ \ \ \
( ( )\___ | '_ | '_| | '_ \/ _` | \ \ \ \
 \\/  ___)| |_)| | | | | || (_| |  ) ) ) )
  '  |____| .__|_| |_|_| |_\__, | / / / /
 =========|_|==============|___/=/_/_/_/

 :: Spring Boot ::                (v3.4.4)

2025-05-01T18:02:24.882-04:00  INFO 12281 --- [petuser] [           main] c.p.p.controller.UsuarioControllerTest   : Starting UsuarioControllerTest using Java 21.0.6 with PID 12281 (started by sebastianvaldiviavillagra in /Users/sebastianvaldiviavillagra/Desktop/proyectos/petuser)
2025-05-01T18:02:24.882-04:00  INFO 12281 --- [petuser] [           main] c.p.p.controller.UsuarioControllerTest   : No active profile set, falling back to 1 default profile: "default"
2025-05-01T18:02:24.882-04:00 DEBUG 12281 --- [petuser] [           main] o.s.boot.SpringApplication               : Loading source class com.petuser.petuser.PetuserApplication
2025-05-01T18:02:24.882-04:00 DEBUG 12281 --- [petuser] [           main] o.s.w.c.s.GenericWebApplicationContext   : Refreshing org.springframework.web.context.support.GenericWebApplicationContext@44e4fa97
2025-05-01T18:02:24.882-04:00 DEBUG 12281 --- [petuser] [           main] o.s.b.f.s.DefaultListableBeanFactory     : Creating shared instance of singleton bean 'org.springframework.context.annotation.internalConfigurationAnnotationProcessor'
2025-05-01T18:02:24.882-04:00 DEBUG 12281 --- [petuser] [           main] o.s.b.f.s.DefaultListableBeanFactory     : Creating shared instance of singleton bean 'org.springframework.boot.autoconfigure.internalCachingMetadataReaderFactory'
2025-05-01T18:02:24.887-04:00 DEBUG 12281 --- [petuser] [           main] o.s.c.a.ClassPathBeanDefinitionScanner   : Identified candidate component class: file [/Users/sebastianvaldiviavillagra/Desktop/proyectos/petuser/target/classes/com/petuser/petuser/controller/UsuarioController.class]
2025-05-01T18:02:24.887-04:00 DEBUG 12281 --- [petuser] [           main] o.s.c.a.ClassPathBeanDefinitionScanner   : Identified candidate component class: file [/Users/sebastianvaldiviavillagra/Desktop/proyectos/petuser/target/classes/com/petuser/petuser/exceptionHandler/GlobalExceptionHandler.class]
2025-05-01T18:02:24.907-04:00 DEBUG 12281 --- [petuser] [           main] o.s.b.f.s.DefaultListableBeanFactory     : Creating shared instance of singleton bean 'org.springframework.boot.test.context.ImportsContextCustomizer$ImportsCleanupPostProcessor'
2025-05-01T18:02:24.907-04:00 DEBUG 12281 --- [petuser] [           main] o.s.b.f.s.DefaultListableBeanFactory     : Creating shared instance of singleton bean 'org.springframework.boot.test.mock.mockito.MockitoPostProcessor'
2025-05-01T18:02:24.962-04:00 DEBUG 12281 --- [petuser] [           main] o.s.b.f.s.DefaultListableBeanFactory     : Creating shared instance of singleton bean 'org.springframework.context.event.internalEventListenerProcessor'
2025-05-01T18:02:24.963-04:00 DEBUG 12281 --- [petuser] [           main] o.s.b.f.s.DefaultListableBeanFactory     : Creating shared instance of singleton bean 'preserveErrorControllerTargetClassPostProcessor'
2025-05-01T18:02:24.963-04:00 DEBUG 12281 --- [petuser] [           main] o.s.b.f.s.DefaultListableBeanFactory     : Creating shared instance of singleton bean 'org.springframework.context.event.internalEventListenerFactory'
2025-05-01T18:02:24.965-04:00 DEBUG 12281 --- [petuser] [           main] o.s.b.f.s.DefaultListableBeanFactory     : Creating shared instance of singleton bean 'org.springframework.context.annotation.internalAutowiredAnnotationProcessor'
2025-05-01T18:02:24.965-04:00 DEBUG 12281 --- [petuser] [           main] o.s.b.f.s.DefaultListableBeanFactory     : Creating shared instance of singleton bean 'org.springframework.context.annotation.internalCommonAnnotationProcessor'
2025-05-01T18:02:24.965-04:00 DEBUG 12281 --- [petuser] [           main] o.s.b.f.s.DefaultListableBeanFactory     : Creating shared instance of singleton bean 'org.springframework.context.annotation.internalPersistenceAnnotationProcessor'
2025-05-01T18:02:24.966-04:00 DEBUG 12281 --- [petuser] [           main] o.s.b.f.s.DefaultListableBeanFactory     : Creating shared instance of singleton bean 'org.springframework.boot.test.mock.mockito.MockitoPostProcessor$SpyPostProcessor'
2025-05-01T18:02:24.966-04:00 DEBUG 12281 --- [petuser] [           main] o.s.b.f.s.DefaultListableBeanFactory     : Creating shared instance of singleton bean 'org.springframework.boot.context.properties.ConfigurationPropertiesBindingPostProcessor'
2025-05-01T18:02:24.966-04:00 DEBUG 12281 --- [petuser] [           main] o.s.b.f.s.DefaultListableBeanFactory     : Creating shared instance of singleton bean 'org.springframework.boot.context.internalConfigurationPropertiesBinder'
2025-05-01T18:02:24.966-04:00 DEBUG 12281 --- [petuser] [           main] o.s.b.f.s.DefaultListableBeanFactory     : Creating shared instance of singleton bean 'methodValidationPostProcessor'
2025-05-01T18:02:24.967-04:00 DEBUG 12281 --- [petuser] [           main] o.s.b.f.s.DefaultListableBeanFactory     : Autowiring by type from bean name 'methodValidationPostProcessor' via factory method to bean named 'environment'
2025-05-01T18:02:24.967-04:00 DEBUG 12281 --- [petuser] [           main] o.s.b.f.s.DefaultListableBeanFactory     : Creating shared instance of singleton bean 'org.springframework.boot.context.properties.EnableConfigurationPropertiesRegistrar.methodValidationExcludeFilter'
2025-05-01T18:02:24.969-04:00 DEBUG 12281 --- [petuser] [           main] o.s.b.f.s.DefaultListableBeanFactory     : Creating shared instance of singleton bean 'projectingArgumentResolverBeanPostProcessor'
2025-05-01T18:02:24.969-04:00 DEBUG 12281 --- [petuser] [           main] o.s.u.c.s.UiApplicationContextUtils      : Unable to locate ThemeSource with name 'themeSource': using default [org.springframework.ui.context.support.ResourceBundleThemeSource@447bf09d]
2025-05-01T18:02:24.969-04:00 DEBUG 12281 --- [petuser] [           main] o.s.b.f.s.DefaultListableBeanFactory     : Creating shared instance of singleton bean 'org.springframework.test.context.support.internalDynamicPropertyRegistrarBeanInitializer'
2025-05-01T18:02:24.970-04:00 DEBUG 12281 --- [petuser] [           main] o.s.b.f.s.DefaultListableBeanFactory     : Creating shared instance of singleton bean 'petuserApplication'
2025-05-01T18:02:24.970-04:00 DEBUG 12281 --- [petuser] [           main] o.s.b.f.s.DefaultListableBeanFactory     : Creating shared instance of singleton bean 'usuarioController'
2025-05-01T18:02:24.971-04:00 DEBUG 12281 --- [petuser] [           main] o.s.b.f.s.DefaultListableBeanFactory     : Creating shared instance of singleton bean 'globalExceptionHandler'
2025-05-01T18:02:24.972-04:00 DEBUG 12281 --- [petuser] [           main] o.s.b.f.s.DefaultListableBeanFactory     : Creating shared instance of singleton bean 'org.springframework.boot.autoconfigure.AutoConfigurationPackages'
2025-05-01T18:02:24.972-04:00 DEBUG 12281 --- [petuser] [           main] o.s.b.f.s.DefaultListableBeanFactory     : Creating shared instance of singleton bean 'org.springframework.boot.autoconfigure.task.TaskExecutorConfigurations$ThreadPoolTaskExecutorBuilderConfiguration'
2025-05-01T18:02:24.972-04:00 DEBUG 12281 --- [petuser] [           main] o.s.b.f.s.DefaultListableBeanFactory     : Creating shared instance of singleton bean 'threadPoolTaskExecutorBuilder'
2025-05-01T18:02:24.973-04:00 DEBUG 12281 --- [petuser] [           main] o.s.b.f.s.DefaultListableBeanFactory     : Creating shared instance of singleton bean 'spring.task.execution-org.springframework.boot.autoconfigure.task.TaskExecutionProperties'
2025-05-01T18:02:24.973-04:00 DEBUG 12281 --- [petuser] [           main] o.s.b.f.s.DefaultListableBeanFactory     : Creating shared instance of singleton bean 'org.springframework.boot.context.properties.BoundConfigurationProperties'
2025-05-01T18:02:24.977-04:00 DEBUG 12281 --- [petuser] [           main] o.s.b.f.s.DefaultListableBeanFactory     : Autowiring by type from bean name 'threadPoolTaskExecutorBuilder' via factory method to bean named 'spring.task.execution-org.springframework.boot.autoconfigure.task.TaskExecutionProperties'
2025-05-01T18:02:24.977-04:00 DEBUG 12281 --- [petuser] [           main] o.s.b.f.s.DefaultListableBeanFactory     : Creating shared instance of singleton bean 'org.springframework.boot.autoconfigure.task.TaskExecutorConfigurations$SimpleAsyncTaskExecutorBuilderConfiguration'
2025-05-01T18:02:24.978-04:00 DEBUG 12281 --- [petuser] [           main] o.s.b.f.s.DefaultListableBeanFactory     : Autowiring by type from bean name 'org.springframework.boot.autoconfigure.task.TaskExecutorConfigurations$SimpleAsyncTaskExecutorBuilderConfiguration' via constructor to bean named 'spring.task.execution-org.springframework.boot.autoconfigure.task.TaskExecutionProperties'
2025-05-01T18:02:24.978-04:00 DEBUG 12281 --- [petuser] [           main] o.s.b.f.s.DefaultListableBeanFactory     : Creating shared instance of singleton bean 'simpleAsyncTaskExecutorBuilder'
2025-05-01T18:02:24.978-04:00 DEBUG 12281 --- [petuser] [           main] o.s.b.f.s.DefaultListableBeanFactory     : Creating shared instance of singleton bean 'org.springframework.boot.autoconfigure.task.TaskExecutorConfigurations$TaskExecutorConfiguration'
2025-05-01T18:02:24.979-04:00 DEBUG 12281 --- [petuser] [           main] o.s.b.f.s.DefaultListableBeanFactory     : Creating shared instance of singleton bean 'org.springframework.boot.autoconfigure.task.TaskExecutionAutoConfiguration'
2025-05-01T18:02:24.979-04:00 DEBUG 12281 --- [petuser] [           main] o.s.b.f.s.DefaultListableBeanFactory     : Creating shared instance of singleton bean 'org.springframework.boot.autoconfigure.validation.ValidationAutoConfiguration'
2025-05-01T18:02:24.979-04:00 DEBUG 12281 --- [petuser] [           main] o.s.b.f.s.DefaultListableBeanFactory     : Creating shared instance of singleton bean 'defaultValidator'
2025-05-01T18:02:24.979-04:00 DEBUG 12281 --- [petuser] [           main] o.s.b.f.s.DefaultListableBeanFactory     : Autowiring by type from bean name 'defaultValidator' via factory method to bean named 'org.springframework.web.context.support.GenericWebApplicationContext@44e4fa97'
2025-05-01T18:02:24.980-04:00 DEBUG 12281 --- [petuser] [           main] .h.v.m.ResourceBundleMessageInterpolator : Loaded expression factory via original TCCL
2025-05-01T18:02:24.980-04:00 DEBUG 12281 --- [petuser] [           main] o.h.v.i.e.AbstractConfigurationImpl      : Setting custom MessageInterpolator of type org.springframework.validation.beanvalidation.LocaleContextMessageInterpolator
2025-05-01T18:02:24.980-04:00 DEBUG 12281 --- [petuser] [           main] o.h.v.i.e.AbstractConfigurationImpl      : Setting custom ConstraintValidatorFactory of type org.springframework.validation.beanvalidation.SpringConstraintValidatorFactory
2025-05-01T18:02:24.981-04:00 DEBUG 12281 --- [petuser] [           main] o.h.v.i.xml.config.ValidationXmlParser   : Trying to load META-INF/validation.xml for XML based Validator configuration.
2025-05-01T18:02:24.981-04:00 DEBUG 12281 --- [petuser] [           main] o.h.v.i.xml.config.ResourceLoaderHelper  : Trying to load META-INF/validation.xml via user class loader
2025-05-01T18:02:24.981-04:00 DEBUG 12281 --- [petuser] [           main] o.h.v.i.xml.config.ResourceLoaderHelper  : Trying to load META-INF/validation.xml via TCCL
2025-05-01T18:02:24.981-04:00 DEBUG 12281 --- [petuser] [           main] o.h.v.i.xml.config.ResourceLoaderHelper  : Trying to load META-INF/validation.xml via Hibernate Validator's class loader
2025-05-01T18:02:24.981-04:00 DEBUG 12281 --- [petuser] [           main] o.h.v.i.xml.config.ValidationXmlParser   : No META-INF/validation.xml found. Using annotation based configuration only.
2025-05-01T18:02:24.981-04:00 DEBUG 12281 --- [petuser] [           main] o.h.v.i.e.resolver.TraversableResolvers  : Found jakarta.persistence.Persistence on classpath containing 'getPersistenceUtil'. Assuming JPA 2 environment. Trying to instantiate JPA aware TraversableResolver
2025-05-01T18:02:24.981-04:00 DEBUG 12281 --- [petuser] [           main] o.h.v.i.e.resolver.TraversableResolvers  : Instantiated JPA aware TraversableResolver of type org.hibernate.validator.internal.engine.resolver.JPATraversableResolver.
2025-05-01T18:02:24.983-04:00 DEBUG 12281 --- [petuser] [           main] .i.e.ValidatorFactoryConfigurationHelper : HV000252: Using org.hibernate.validator.internal.engine.DefaultPropertyNodeNameProvider as property node name provider.
2025-05-01T18:02:24.983-04:00 DEBUG 12281 --- [petuser] [           main] .i.e.ValidatorFactoryConfigurationHelper : HV000234: Using org.springframework.validation.beanvalidation.LocaleContextMessageInterpolator as ValidatorFactory-scoped message interpolator.
2025-05-01T18:02:24.983-04:00 DEBUG 12281 --- [petuser] [           main] .i.e.ValidatorFactoryConfigurationHelper : HV000234: Using org.hibernate.validator.internal.engine.resolver.JPATraversableResolver as ValidatorFactory-scoped traversable resolver.
2025-05-01T18:02:24.983-04:00 DEBUG 12281 --- [petuser] [           main] .i.e.ValidatorFactoryConfigurationHelper : HV000234: Using org.hibernate.validator.internal.util.ExecutableParameterNameProvider as ValidatorFactory-scoped parameter name provider.
2025-05-01T18:02:24.983-04:00 DEBUG 12281 --- [petuser] [           main] .i.e.ValidatorFactoryConfigurationHelper : HV000234: Using org.hibernate.validator.internal.engine.DefaultClockProvider as ValidatorFactory-scoped clock provider.
2025-05-01T18:02:24.983-04:00 DEBUG 12281 --- [petuser] [           main] .i.e.ValidatorFactoryConfigurationHelper : HV000234: Using org.hibernate.validator.internal.engine.scripting.DefaultScriptEvaluatorFactory as ValidatorFactory-scoped script evaluator factory.
2025-05-01T18:02:24.984-04:00 DEBUG 12281 --- [petuser] [           main] o.s.b.f.s.DefaultListableBeanFactory     : Creating shared instance of singleton bean 'org.springframework.boot.autoconfigure.web.servlet.error.ErrorMvcAutoConfiguration$WhitelabelErrorViewConfiguration'
2025-05-01T18:02:24.984-04:00 DEBUG 12281 --- [petuser] [           main] o.s.b.f.s.DefaultListableBeanFactory     : Creating shared instance of singleton bean 'error'
2025-05-01T18:02:24.984-04:00 DEBUG 12281 --- [petuser] [           main] o.s.b.f.s.DefaultListableBeanFactory     : Creating shared instance of singleton bean 'beanNameViewResolver'
2025-05-01T18:02:24.985-04:00 DEBUG 12281 --- [petuser] [           main] o.s.b.f.s.DefaultListableBeanFactory     : Creating shared instance of singleton bean 'org.springframework.boot.autoconfigure.web.servlet.error.ErrorMvcAutoConfiguration$DefaultErrorViewResolverConfiguration'
2025-05-01T18:02:24.985-04:00 DEBUG 12281 --- [petuser] [           main] o.s.b.f.s.DefaultListableBeanFactory     : Creating shared instance of singleton bean 'spring.web-org.springframework.boot.autoconfigure.web.WebProperties'
2025-05-01T18:02:24.986-04:00 DEBUG 12281 --- [petuser] [           main] o.s.b.f.s.DefaultListableBeanFactory     : Autowiring by type from bean name 'org.springframework.boot.autoconfigure.web.servlet.error.ErrorMvcAutoConfiguration$DefaultErrorViewResolverConfiguration' via constructor to bean named 'org.springframework.web.context.support.GenericWebApplicationContext@44e4fa97'
2025-05-01T18:02:24.986-04:00 DEBUG 12281 --- [petuser] [           main] o.s.b.f.s.DefaultListableBeanFactory     : Autowiring by type from bean name 'org.springframework.boot.autoconfigure.web.servlet.error.ErrorMvcAutoConfiguration$DefaultErrorViewResolverConfiguration' via constructor to bean named 'spring.web-org.springframework.boot.autoconfigure.web.WebProperties'
2025-05-01T18:02:24.987-04:00 DEBUG 12281 --- [petuser] [           main] o.s.b.f.s.DefaultListableBeanFactory     : Creating shared instance of singleton bean 'spring.mvc-org.springframework.boot.autoconfigure.web.servlet.WebMvcProperties'
2025-05-01T18:02:24.990-04:00 DEBUG 12281 --- [petuser] [           main] o.s.b.f.s.DefaultListableBeanFactory     : Creating shared instance of singleton bean 'org.springframework.boot.autoconfigure.web.servlet.error.ErrorMvcAutoConfiguration'
2025-05-01T18:02:24.990-04:00 DEBUG 12281 --- [petuser] [           main] o.s.b.f.s.DefaultListableBeanFactory     : Creating shared instance of singleton bean 'server-org.springframework.boot.autoconfigure.web.ServerProperties'
2025-05-01T18:02:24.992-04:00 DEBUG 12281 --- [petuser] [           main] o.s.b.f.s.DefaultListableBeanFactory     : Autowiring by type from bean name 'org.springframework.boot.autoconfigure.web.servlet.error.ErrorMvcAutoConfiguration' via constructor to bean named 'server-org.springframework.boot.autoconfigure.web.ServerProperties'
2025-05-01T18:02:24.993-04:00 DEBUG 12281 --- [petuser] [           main] o.s.b.f.s.DefaultListableBeanFactory     : Creating shared instance of singleton bean 'errorAttributes'
2025-05-01T18:02:24.993-04:00 DEBUG 12281 --- [petuser] [           main] o.s.b.f.s.DefaultListableBeanFactory     : Creating shared instance of singleton bean 'basicErrorController'
2025-05-01T18:02:24.993-04:00 DEBUG 12281 --- [petuser] [           main] o.s.b.f.s.DefaultListableBeanFactory     : Autowiring by type from bean name 'basicErrorController' via factory method to bean named 'errorAttributes'
2025-05-01T18:02:24.994-04:00 DEBUG 12281 --- [petuser] [           main] o.s.b.f.s.DefaultListableBeanFactory     : Creating shared instance of singleton bean 'errorPageCustomizer'
2025-05-01T18:02:24.994-04:00 DEBUG 12281 --- [petuser] [           main] o.s.b.f.s.DefaultListableBeanFactory     : Creating shared instance of singleton bean 'dispatcherServletPath'
2025-05-01T18:02:24.994-04:00 DEBUG 12281 --- [petuser] [           main] o.s.b.f.s.DefaultListableBeanFactory     : Creating shared instance of singleton bean 'org.springframework.boot.test.autoconfigure.web.servlet.MockMvcAutoConfiguration'
2025-05-01T18:02:24.994-04:00 DEBUG 12281 --- [petuser] [           main] o.s.b.f.s.DefaultListableBeanFactory     : Autowiring by type from bean name 'dispatcherServletPath' via factory method to bean named 'spring.mvc-org.springframework.boot.autoconfigure.web.servlet.WebMvcProperties'
2025-05-01T18:02:24.995-04:00 DEBUG 12281 --- [petuser] [           main] o.s.b.f.s.DefaultListableBeanFactory     : Autowiring by type from bean name 'errorPageCustomizer' via factory method to bean named 'dispatcherServletPath'
2025-05-01T18:02:24.995-04:00 DEBUG 12281 --- [petuser] [           main] o.s.b.f.s.DefaultListableBeanFactory     : Creating shared instance of singleton bean 'org.springframework.boot.autoconfigure.web.servlet.WebMvcAutoConfiguration$EnableWebMvcConfiguration'
2025-05-01T18:02:24.995-04:00 DEBUG 12281 --- [petuser] [           main] o.s.b.f.s.DefaultListableBeanFactory     : Autowiring by type from bean name 'org.springframework.boot.autoconfigure.web.servlet.WebMvcAutoConfiguration$EnableWebMvcConfiguration' via constructor to bean named 'spring.mvc-org.springframework.boot.autoconfigure.web.servlet.WebMvcProperties'
2025-05-01T18:02:24.995-04:00 DEBUG 12281 --- [petuser] [           main] o.s.b.f.s.DefaultListableBeanFactory     : Autowiring by type from bean name 'org.springframework.boot.autoconfigure.web.servlet.WebMvcAutoConfiguration$EnableWebMvcConfiguration' via constructor to bean named 'spring.web-org.springframework.boot.autoconfigure.web.WebProperties'
2025-05-01T18:02:24.996-04:00 DEBUG 12281 --- [petuser] [           main] o.s.b.f.s.DefaultListableBeanFactory     : Autowiring by type from bean name 'org.springframework.boot.autoconfigure.web.servlet.WebMvcAutoConfiguration$EnableWebMvcConfiguration' via constructor to bean named 'org.springframework.beans.factory.support.DefaultListableBeanFactory@67807d9a'
2025-05-01T18:02:24.997-04:00 DEBUG 12281 --- [petuser] [           main] o.s.b.f.s.DefaultListableBeanFactory     : Creating shared instance of singleton bean 'org.springframework.boot.autoconfigure.web.servlet.WebMvcAutoConfiguration$WebMvcAutoConfigurationAdapter'
2025-05-01T18:02:24.997-04:00 DEBUG 12281 --- [petuser] [           main] o.s.b.f.s.DefaultListableBeanFactory     : Autowiring by type from bean name 'org.springframework.boot.autoconfigure.web.servlet.WebMvcAutoConfiguration$WebMvcAutoConfigurationAdapter' via constructor to bean named 'spring.web-org.springframework.boot.autoconfigure.web.WebProperties'
2025-05-01T18:02:24.997-04:00 DEBUG 12281 --- [petuser] [           main] o.s.b.f.s.DefaultListableBeanFactory     : Autowiring by type from bean name 'org.springframework.boot.autoconfigure.web.servlet.WebMvcAutoConfiguration$WebMvcAutoConfigurationAdapter' via constructor to bean named 'spring.mvc-org.springframework.boot.autoconfigure.web.servlet.WebMvcProperties'
2025-05-01T18:02:24.997-04:00 DEBUG 12281 --- [petuser] [           main] o.s.b.f.s.DefaultListableBeanFactory     : Autowiring by type from bean name 'org.springframework.boot.autoconfigure.web.servlet.WebMvcAutoConfiguration$WebMvcAutoConfigurationAdapter' via constructor to bean named 'org.springframework.beans.factory.support.DefaultListableBeanFactory@67807d9a'
2025-05-01T18:02:24.997-04:00 DEBUG 12281 --- [petuser] [           main] o.s.b.f.s.DefaultListableBeanFactory     : Creating shared instance of singleton bean 'org.springframework.data.web.config.SpringDataWebConfiguration'
2025-05-01T18:02:24.998-04:00 DEBUG 12281 --- [petuser] [           main] o.s.b.f.s.DefaultListableBeanFactory     : Autowiring by type from bean name 'org.springframework.data.web.config.SpringDataWebConfiguration' via constructor to bean named 'org.springframework.web.context.support.GenericWebApplicationContext@44e4fa97'
2025-05-01T18:02:24.998-04:00 DEBUG 12281 --- [petuser] [           main] o.s.b.f.s.DefaultListableBeanFactory     : Creating shared instance of singleton bean 'welcomePageHandlerMapping'
2025-05-01T18:02:24.998-04:00 DEBUG 12281 --- [petuser] [           main] o.s.b.f.s.DefaultListableBeanFactory     : Creating shared instance of singleton bean 'mvcConversionService'
2025-05-01T18:02:25.000-04:00 DEBUG 12281 --- [petuser] [           main] o.s.b.f.s.DefaultListableBeanFactory     : Creating shared instance of singleton bean 'mvcResourceUrlProvider'
2025-05-01T18:02:25.000-04:00 DEBUG 12281 --- [petuser] [           main] o.s.b.f.s.DefaultListableBeanFactory     : Autowiring by type from bean name 'welcomePageHandlerMapping' via factory method to bean named 'org.springframework.web.context.support.GenericWebApplicationContext@44e4fa97'
2025-05-01T18:02:25.000-04:00 DEBUG 12281 --- [petuser] [           main] o.s.b.f.s.DefaultListableBeanFactory     : Autowiring by type from bean name 'welcomePageHandlerMapping' via factory method to bean named 'mvcConversionService'
2025-05-01T18:02:25.000-04:00 DEBUG 12281 --- [petuser] [           main] o.s.b.f.s.DefaultListableBeanFactory     : Autowiring by type from bean name 'welcomePageHandlerMapping' via factory method to bean named 'mvcResourceUrlProvider'
2025-05-01T18:02:25.001-04:00 DEBUG 12281 --- [petuser] [           main] o.s.b.f.s.DefaultListableBeanFactory     : Creating shared instance of singleton bean 'welcomePageNotAcceptableHandlerMapping'
2025-05-01T18:02:25.002-04:00 DEBUG 12281 --- [petuser] [           main] o.s.b.f.s.DefaultListableBeanFactory     : Autowiring by type from bean name 'welcomePageNotAcceptableHandlerMapping' via factory method to bean named 'org.springframework.web.context.support.GenericWebApplicationContext@44e4fa97'
2025-05-01T18:02:25.002-04:00 DEBUG 12281 --- [petuser] [           main] o.s.b.f.s.DefaultListableBeanFactory     : Autowiring by type from bean name 'welcomePageNotAcceptableHandlerMapping' via factory method to bean named 'mvcConversionService'
2025-05-01T18:02:25.002-04:00 DEBUG 12281 --- [petuser] [           main] o.s.b.f.s.DefaultListableBeanFactory     : Autowiring by type from bean name 'welcomePageNotAcceptableHandlerMapping' via factory method to bean named 'mvcResourceUrlProvider'
2025-05-01T18:02:25.003-04:00 DEBUG 12281 --- [petuser] [           main] o.s.b.f.s.DefaultListableBeanFactory     : Creating shared instance of singleton bean 'localeResolver'
2025-05-01T18:02:25.003-04:00 DEBUG 12281 --- [petuser] [           main] o.s.b.f.s.DefaultListableBeanFactory     : Creating shared instance of singleton bean 'themeResolver'
2025-05-01T18:02:25.004-04:00 DEBUG 12281 --- [petuser] [           main] o.s.b.f.s.DefaultListableBeanFactory     : Creating shared instance of singleton bean 'flashMapManager'
2025-05-01T18:02:25.004-04:00 DEBUG 12281 --- [petuser] [           main] o.s.b.f.s.DefaultListableBeanFactory     : Creating shared instance of singleton bean 'viewNameTranslator'
2025-05-01T18:02:25.004-04:00 DEBUG 12281 --- [petuser] [           main] o.s.b.f.s.DefaultListableBeanFactory     : Creating shared instance of singleton bean 'mvcValidator'
2025-05-01T18:02:25.004-04:00 DEBUG 12281 --- [petuser] [           main] o.s.b.f.s.DefaultListableBeanFactory     : Creating shared instance of singleton bean 'mvcContentNegotiationManager'
2025-05-01T18:02:25.004-04:00 DEBUG 12281 --- [petuser] [           main] o.s.b.f.s.DefaultListableBeanFactory     : Creating shared instance of singleton bean 'requestMappingHandlerMapping'
2025-05-01T18:02:25.005-04:00 DEBUG 12281 --- [petuser] [           main] o.s.b.f.s.DefaultListableBeanFactory     : Autowiring by type from bean name 'requestMappingHandlerMapping' via factory method to bean named 'mvcContentNegotiationManager'
2025-05-01T18:02:25.005-04:00 DEBUG 12281 --- [petuser] [           main] o.s.b.f.s.DefaultListableBeanFactory     : Autowiring by type from bean name 'requestMappingHandlerMapping' via factory method to bean named 'mvcConversionService'
2025-05-01T18:02:25.005-04:00 DEBUG 12281 --- [petuser] [           main] o.s.b.f.s.DefaultListableBeanFactory     : Autowiring by type from bean name 'requestMappingHandlerMapping' via factory method to bean named 'mvcResourceUrlProvider'
2025-05-01T18:02:25.011-04:00 DEBUG 12281 --- [petuser] [           main] s.w.s.m.m.a.RequestMappingHandlerMapping : 9 mappings in 'requestMappingHandlerMapping'
2025-05-01T18:02:25.012-04:00 DEBUG 12281 --- [petuser] [           main] o.s.b.f.s.DefaultListableBeanFactory     : Creating shared instance of singleton bean 'mvcPatternParser'
2025-05-01T18:02:25.012-04:00 DEBUG 12281 --- [petuser] [           main] o.s.b.f.s.DefaultListableBeanFactory     : Creating shared instance of singleton bean 'mvcUrlPathHelper'
2025-05-01T18:02:25.012-04:00 DEBUG 12281 --- [petuser] [           main] o.s.b.f.s.DefaultListableBeanFactory     : Creating shared instance of singleton bean 'mvcPathMatcher'
2025-05-01T18:02:25.012-04:00 DEBUG 12281 --- [petuser] [           main] o.s.b.f.s.DefaultListableBeanFactory     : Creating shared instance of singleton bean 'viewControllerHandlerMapping'
2025-05-01T18:02:25.012-04:00 DEBUG 12281 --- [petuser] [           main] o.s.b.f.s.DefaultListableBeanFactory     : Autowiring by type from bean name 'viewControllerHandlerMapping' via factory method to bean named 'mvcConversionService'
2025-05-01T18:02:25.012-04:00 DEBUG 12281 --- [petuser] [           main] o.s.b.f.s.DefaultListableBeanFactory     : Autowiring by type from bean name 'viewControllerHandlerMapping' via factory method to bean named 'mvcResourceUrlProvider'
2025-05-01T18:02:25.013-04:00 DEBUG 12281 --- [petuser] [           main] o.s.b.f.s.DefaultListableBeanFactory     : Creating shared instance of singleton bean 'beanNameHandlerMapping'
2025-05-01T18:02:25.013-04:00 DEBUG 12281 --- [petuser] [           main] o.s.b.f.s.DefaultListableBeanFactory     : Autowiring by type from bean name 'beanNameHandlerMapping' via factory method to bean named 'mvcConversionService'
2025-05-01T18:02:25.013-04:00 DEBUG 12281 --- [petuser] [           main] o.s.b.f.s.DefaultListableBeanFactory     : Autowiring by type from bean name 'beanNameHandlerMapping' via factory method to bean named 'mvcResourceUrlProvider'
2025-05-01T18:02:25.013-04:00 DEBUG 12281 --- [petuser] [           main] o.s.b.f.s.DefaultListableBeanFactory     : Creating shared instance of singleton bean 'routerFunctionMapping'
2025-05-01T18:02:25.014-04:00 DEBUG 12281 --- [petuser] [           main] o.s.b.f.s.DefaultListableBeanFactory     : Autowiring by type from bean name 'routerFunctionMapping' via factory method to bean named 'mvcConversionService'
2025-05-01T18:02:25.014-04:00 DEBUG 12281 --- [petuser] [           main] o.s.b.f.s.DefaultListableBeanFactory     : Autowiring by type from bean name 'routerFunctionMapping' via factory method to bean named 'mvcResourceUrlProvider'
2025-05-01T18:02:25.014-04:00 DEBUG 12281 --- [petuser] [           main] o.s.b.f.s.DefaultListableBeanFactory     : Creating shared instance of singleton bean 'messageConverters'
2025-05-01T18:02:25.014-04:00 DEBUG 12281 --- [petuser] [           main] o.s.b.f.s.DefaultListableBeanFactory     : Creating shared instance of singleton bean 'org.springframework.boot.autoconfigure.http.HttpMessageConvertersAutoConfiguration'
2025-05-01T18:02:25.014-04:00 DEBUG 12281 --- [petuser] [           main] o.s.b.f.s.DefaultListableBeanFactory     : Creating shared instance of singleton bean 'stringHttpMessageConverter'
2025-05-01T18:02:25.014-04:00 DEBUG 12281 --- [petuser] [           main] o.s.b.f.s.DefaultListableBeanFactory     : Creating shared instance of singleton bean 'org.springframework.boot.autoconfigure.http.HttpMessageConvertersAutoConfiguration$StringHttpMessageConverterConfiguration'
2025-05-01T18:02:25.015-04:00 DEBUG 12281 --- [petuser] [           main] o.s.b.f.s.DefaultListableBeanFactory     : Autowiring by type from bean name 'stringHttpMessageConverter' via factory method to bean named 'environment'
2025-05-01T18:02:25.016-04:00 DEBUG 12281 --- [petuser] [           main] o.s.b.f.s.DefaultListableBeanFactory     : Creating shared instance of singleton bean 'mappingJackson2HttpMessageConverter'
2025-05-01T18:02:25.016-04:00 DEBUG 12281 --- [petuser] [           main] o.s.b.f.s.DefaultListableBeanFactory     : Creating shared instance of singleton bean 'org.springframework.boot.autoconfigure.http.JacksonHttpMessageConvertersConfiguration$MappingJackson2HttpMessageConverterConfiguration'
2025-05-01T18:02:25.016-04:00 DEBUG 12281 --- [petuser] [           main] o.s.b.f.s.DefaultListableBeanFactory     : Creating shared instance of singleton bean 'jacksonObjectMapper'
2025-05-01T18:02:25.016-04:00 DEBUG 12281 --- [petuser] [           main] o.s.b.f.s.DefaultListableBeanFactory     : Creating shared instance of singleton bean 'org.springframework.boot.autoconfigure.jackson.JacksonAutoConfiguration$JacksonObjectMapperConfiguration'
2025-05-01T18:02:25.017-04:00 DEBUG 12281 --- [petuser] [           main] o.s.b.f.s.DefaultListableBeanFactory     : Creating shared instance of singleton bean 'org.springframework.boot.autoconfigure.jackson.JacksonAutoConfiguration$JacksonObjectMapperBuilderConfiguration'
2025-05-01T18:02:25.017-04:00 DEBUG 12281 --- [petuser] [           main] o.s.b.f.s.DefaultListableBeanFactory     : Creating shared instance of singleton bean 'standardJacksonObjectMapperBuilderCustomizer'
2025-05-01T18:02:25.017-04:00 DEBUG 12281 --- [petuser] [           main] o.s.b.f.s.DefaultListableBeanFactory     : Creating shared instance of singleton bean 'org.springframework.boot.autoconfigure.jackson.JacksonAutoConfiguration$Jackson2ObjectMapperBuilderCustomizerConfiguration'
2025-05-01T18:02:25.017-04:00 DEBUG 12281 --- [petuser] [           main] o.s.b.f.s.DefaultListableBeanFactory     : Creating shared instance of singleton bean 'spring.jackson-org.springframework.boot.autoconfigure.jackson.JacksonProperties'
2025-05-01T18:02:25.019-04:00 DEBUG 12281 --- [petuser] [           main] o.s.b.f.s.DefaultListableBeanFactory     : Autowiring by type from bean name 'standardJacksonObjectMapperBuilderCustomizer' via factory method to bean named 'spring.jackson-org.springframework.boot.autoconfigure.jackson.JacksonProperties'
2025-05-01T18:02:25.019-04:00 DEBUG 12281 --- [petuser] [           main] o.s.b.f.s.DefaultListableBeanFactory     : Creating shared instance of singleton bean 'parameterNamesModule'
2025-05-01T18:02:25.020-04:00 DEBUG 12281 --- [petuser] [           main] o.s.b.f.s.DefaultListableBeanFactory     : Creating shared instance of singleton bean 'org.springframework.boot.autoconfigure.jackson.JacksonAutoConfiguration$ParameterNamesModuleConfiguration'
2025-05-01T18:02:25.020-04:00 DEBUG 12281 --- [petuser] [           main] o.s.b.f.s.DefaultListableBeanFactory     : Creating shared instance of singleton bean 'jsonMixinModule'
2025-05-01T18:02:25.020-04:00 DEBUG 12281 --- [petuser] [           main] o.s.b.f.s.DefaultListableBeanFactory     : Creating shared instance of singleton bean 'org.springframework.boot.autoconfigure.jackson.JacksonAutoConfiguration$JacksonMixinConfiguration'
2025-05-01T18:02:25.020-04:00 DEBUG 12281 --- [petuser] [           main] o.s.b.f.s.DefaultListableBeanFactory     : Creating shared instance of singleton bean 'jsonMixinModuleEntries'
2025-05-01T18:02:25.020-04:00 DEBUG 12281 --- [petuser] [           main] o.s.b.f.s.DefaultListableBeanFactory     : Autowiring by type from bean name 'jsonMixinModuleEntries' via factory method to bean named 'org.springframework.web.context.support.GenericWebApplicationContext@44e4fa97'
2025-05-01T18:02:25.020-04:00 DEBUG 12281 --- [petuser] [           main] o.s.b.a.AutoConfigurationPackages        : @EnableAutoConfiguration was declared on a class in the package 'com.petuser.petuser'. Automatic @Repository and @Entity scanning is enabled.
2025-05-01T18:02:25.023-04:00 DEBUG 12281 --- [petuser] [           main] o.s.b.f.s.DefaultListableBeanFactory     : Autowiring by type from bean name 'jsonMixinModule' via factory method to bean named 'org.springframework.web.context.support.GenericWebApplicationContext@44e4fa97'
2025-05-01T18:02:25.023-04:00 DEBUG 12281 --- [petuser] [           main] o.s.b.f.s.DefaultListableBeanFactory     : Autowiring by type from bean name 'jsonMixinModule' via factory method to bean named 'jsonMixinModuleEntries'
2025-05-01T18:02:25.023-04:00 DEBUG 12281 --- [petuser] [           main] o.s.b.f.s.DefaultListableBeanFactory     : Creating shared instance of singleton bean 'jsonComponentModule'
2025-05-01T18:02:25.023-04:00 DEBUG 12281 --- [petuser] [           main] o.s.b.f.s.DefaultListableBeanFactory     : Creating shared instance of singleton bean 'org.springframework.boot.autoconfigure.jackson.JacksonAutoConfiguration'
2025-05-01T18:02:25.024-04:00 DEBUG 12281 --- [petuser] [           main] o.s.b.f.s.DefaultListableBeanFactory     : Creating shared instance of singleton bean 'jacksonGeoModule'
2025-05-01T18:02:25.024-04:00 DEBUG 12281 --- [petuser] [           main] o.s.b.f.s.DefaultListableBeanFactory     : Creating shared instance of singleton bean 'org.springframework.data.web.config.SpringDataJacksonConfiguration'
2025-05-01T18:02:25.024-04:00 DEBUG 12281 --- [petuser] [           main] o.s.b.f.s.DefaultListableBeanFactory     : Creating shared instance of singleton bean 'springDataWebSettings'
2025-05-01T18:02:25.024-04:00 DEBUG 12281 --- [petuser] [           main] o.s.b.f.s.DefaultListableBeanFactory     : Creating shared instance of singleton bean 'org.springframework.boot.autoconfigure.data.web.SpringDataWebAutoConfiguration'
2025-05-01T18:02:25.025-04:00 DEBUG 12281 --- [petuser] [           main] o.s.b.f.s.DefaultListableBeanFactory     : Creating shared instance of singleton bean 'spring.data.web-org.springframework.boot.autoconfigure.data.web.SpringDataWebProperties'
2025-05-01T18:02:25.025-04:00 DEBUG 12281 --- [petuser] [           main] o.s.b.f.s.DefaultListableBeanFactory     : Autowiring by type from bean name 'org.springframework.boot.autoconfigure.data.web.SpringDataWebAutoConfiguration' via constructor to bean named 'spring.data.web-org.springframework.boot.autoconfigure.data.web.SpringDataWebProperties'
2025-05-01T18:02:25.026-04:00 DEBUG 12281 --- [petuser] [           main] o.s.b.f.s.DefaultListableBeanFactory     : Creating shared instance of singleton bean 'pageModule'
2025-05-01T18:02:25.026-04:00 DEBUG 12281 --- [petuser] [           main] o.s.b.f.s.DefaultListableBeanFactory     : Autowiring by type from bean name 'jacksonObjectMapperBuilder' via factory method to bean named 'org.springframework.web.context.support.GenericWebApplicationContext@44e4fa97'
2025-05-01T18:02:25.026-04:00 DEBUG 12281 --- [petuser] [           main] o.s.b.f.s.DefaultListableBeanFactory     : Autowiring by type from bean name 'jacksonObjectMapperBuilder' via factory method to bean named 'standardJacksonObjectMapperBuilderCustomizer'
2025-05-01T18:02:25.026-04:00 DEBUG 12281 --- [petuser] [           main] o.s.b.f.s.DefaultListableBeanFactory     : Autowiring by type from bean name 'jacksonObjectMapper' via factory method to bean named 'jacksonObjectMapperBuilder'
2025-05-01T18:02:25.027-04:00 DEBUG 12281 --- [petuser] [           main] o.s.b.f.s.DefaultListableBeanFactory     : Autowiring by type from bean name 'mappingJackson2HttpMessageConverter' via factory method to bean named 'jacksonObjectMapper'
2025-05-01T18:02:25.029-04:00 DEBUG 12281 --- [petuser] [           main] o.s.b.f.s.DefaultListableBeanFactory     : Creating shared instance of singleton bean 'resourceHandlerMapping'
2025-05-01T18:02:25.029-04:00 DEBUG 12281 --- [petuser] [           main] o.s.b.f.s.DefaultListableBeanFactory     : Autowiring by type from bean name 'resourceHandlerMapping' via factory method to bean named 'mvcContentNegotiationManager'
2025-05-01T18:02:25.029-04:00 DEBUG 12281 --- [petuser] [           main] o.s.b.f.s.DefaultListableBeanFactory     : Autowiring by type from bean name 'resourceHandlerMapping' via factory method to bean named 'mvcConversionService'
2025-05-01T18:02:25.029-04:00 DEBUG 12281 --- [petuser] [           main] o.s.b.f.s.DefaultListableBeanFactory     : Autowiring by type from bean name 'resourceHandlerMapping' via factory method to bean named 'mvcResourceUrlProvider'
2025-05-01T18:02:25.030-04:00 DEBUG 12281 --- [petuser] [           main] o.s.w.s.handler.SimpleUrlHandlerMapping  : Patterns [/webjars/**, /**] in 'resourceHandlerMapping'
2025-05-01T18:02:25.030-04:00 DEBUG 12281 --- [petuser] [           main] o.s.b.f.s.DefaultListableBeanFactory     : Creating shared instance of singleton bean 'defaultServletHandlerMapping'
2025-05-01T18:02:25.030-04:00 DEBUG 12281 --- [petuser] [           main] o.s.b.f.s.DefaultListableBeanFactory     : Creating shared instance of singleton bean 'requestMappingHandlerAdapter'
2025-05-01T18:02:25.030-04:00 DEBUG 12281 --- [petuser] [           main] o.s.b.f.s.DefaultListableBeanFactory     : Autowiring by type from bean name 'requestMappingHandlerAdapter' via factory method to bean named 'mvcContentNegotiationManager'
2025-05-01T18:02:25.030-04:00 DEBUG 12281 --- [petuser] [           main] o.s.b.f.s.DefaultListableBeanFactory     : Autowiring by type from bean name 'requestMappingHandlerAdapter' via factory method to bean named 'mvcConversionService'
2025-05-01T18:02:25.030-04:00 DEBUG 12281 --- [petuser] [           main] o.s.b.f.s.DefaultListableBeanFactory     : Autowiring by type from bean name 'requestMappingHandlerAdapter' via factory method to bean named 'mvcValidator'
2025-05-01T18:02:25.031-04:00 DEBUG 12281 --- [petuser] [           main] o.s.b.f.s.DefaultListableBeanFactory     : Creating shared instance of singleton bean 'sortResolver'
2025-05-01T18:02:25.031-04:00 DEBUG 12281 --- [petuser] [           main] o.s.b.f.s.DefaultListableBeanFactory     : Creating shared instance of singleton bean 'sortCustomizer'
2025-05-01T18:02:25.031-04:00 DEBUG 12281 --- [petuser] [           main] o.s.b.f.s.DefaultListableBeanFactory     : Creating shared instance of singleton bean 'pageableResolver'
2025-05-01T18:02:25.031-04:00 DEBUG 12281 --- [petuser] [           main] o.s.b.f.s.DefaultListableBeanFactory     : Creating shared instance of singleton bean 'pageableCustomizer'
2025-05-01T18:02:25.031-04:00 DEBUG 12281 --- [petuser] [           main] o.s.b.f.s.DefaultListableBeanFactory     : Creating shared instance of singleton bean 'applicationTaskExecutor'
2025-05-01T18:02:25.031-04:00 DEBUG 12281 --- [petuser] [           main] o.s.b.f.s.DefaultListableBeanFactory     : Autowiring by type from bean name 'applicationTaskExecutor' via factory method to bean named 'threadPoolTaskExecutorBuilder'
2025-05-01T18:02:25.032-04:00 DEBUG 12281 --- [petuser] [           main] o.s.s.concurrent.ThreadPoolTaskExecutor  : Initializing ExecutorService 'applicationTaskExecutor'
2025-05-01T18:02:25.032-04:00 DEBUG 12281 --- [petuser] [           main] s.w.s.m.m.a.RequestMappingHandlerAdapter : ControllerAdvice beans: 0 @ModelAttribute, 0 @InitBinder, 1 RequestBodyAdvice, 1 ResponseBodyAdvice
2025-05-01T18:02:25.033-04:00 DEBUG 12281 --- [petuser] [           main] o.s.b.f.s.DefaultListableBeanFactory     : Creating shared instance of singleton bean 'mvcViewResolver'
2025-05-01T18:02:25.033-04:00 DEBUG 12281 --- [petuser] [           main] o.s.b.f.s.DefaultListableBeanFactory     : Autowiring by type from bean name 'mvcViewResolver' via factory method to bean named 'mvcContentNegotiationManager'
2025-05-01T18:02:25.033-04:00 DEBUG 12281 --- [petuser] [           main] o.s.b.f.s.DefaultListableBeanFactory     : Creating shared instance of singleton bean 'defaultViewResolver'
2025-05-01T18:02:25.033-04:00 DEBUG 12281 --- [petuser] [           main] o.s.b.f.s.DefaultListableBeanFactory     : Creating shared instance of singleton bean 'viewResolver'
2025-05-01T18:02:25.033-04:00 DEBUG 12281 --- [petuser] [           main] o.s.b.f.s.DefaultListableBeanFactory     : Autowiring by type from bean name 'viewResolver' via factory method to bean named 'org.springframework.beans.factory.support.DefaultListableBeanFactory@67807d9a'
2025-05-01T18:02:25.034-04:00 DEBUG 12281 --- [petuser] [           main] o.s.b.f.s.DefaultListableBeanFactory     : Creating shared instance of singleton bean 'viewResolver'
2025-05-01T18:02:25.034-04:00 DEBUG 12281 --- [petuser] [           main] o.s.b.f.s.DefaultListableBeanFactory     : Creating shared instance of singleton bean 'handlerFunctionAdapter'
2025-05-01T18:02:25.034-04:00 DEBUG 12281 --- [petuser] [           main] o.s.b.f.s.DefaultListableBeanFactory     : Creating shared instance of singleton bean 'mvcUriComponentsContributor'
2025-05-01T18:02:25.034-04:00 DEBUG 12281 --- [petuser] [           main] o.s.b.f.s.DefaultListableBeanFactory     : Autowiring by type from bean name 'mvcUriComponentsContributor' via factory method to bean named 'mvcConversionService'
2025-05-01T18:02:25.034-04:00 DEBUG 12281 --- [petuser] [           main] o.s.b.f.s.DefaultListableBeanFactory     : Autowiring by type from bean name 'mvcUriComponentsContributor' via factory method to bean named 'requestMappingHandlerAdapter'
2025-05-01T18:02:25.034-04:00 DEBUG 12281 --- [petuser] [           main] o.s.b.f.s.DefaultListableBeanFactory     : Creating shared instance of singleton bean 'httpRequestHandlerAdapter'
2025-05-01T18:02:25.034-04:00 DEBUG 12281 --- [petuser] [           main] o.s.b.f.s.DefaultListableBeanFactory     : Creating shared instance of singleton bean 'simpleControllerHandlerAdapter'
2025-05-01T18:02:25.035-04:00 DEBUG 12281 --- [petuser] [           main] o.s.b.f.s.DefaultListableBeanFactory     : Creating shared instance of singleton bean 'handlerExceptionResolver'
2025-05-01T18:02:25.035-04:00 DEBUG 12281 --- [petuser] [           main] o.s.b.f.s.DefaultListableBeanFactory     : Autowiring by type from bean name 'handlerExceptionResolver' via factory method to bean named 'mvcContentNegotiationManager'
2025-05-01T18:02:25.035-04:00 DEBUG 12281 --- [petuser] [           main] .m.m.a.ExceptionHandlerExceptionResolver : ControllerAdvice beans: 1 @ExceptionHandler, 1 ResponseBodyAdvice
2025-05-01T18:02:25.036-04:00 DEBUG 12281 --- [petuser] [           main] o.s.b.f.s.DefaultListableBeanFactory     : Creating shared instance of singleton bean 'requestContextFilter'
2025-05-01T18:02:25.036-04:00 DEBUG 12281 --- [petuser] [           main] o.s.b.f.s.DefaultListableBeanFactory     : Creating shared instance of singleton bean 'org.springframework.boot.autoconfigure.web.servlet.WebMvcAutoConfiguration'
2025-05-01T18:02:25.036-04:00 DEBUG 12281 --- [petuser] [           main] o.s.b.f.s.DefaultListableBeanFactory     : Creating shared instance of singleton bean 'formContentFilter'
2025-05-01T18:02:25.037-04:00 DEBUG 12281 --- [petuser] [           main] o.s.b.f.s.DefaultListableBeanFactory     : Creating shared instance of singleton bean 'org.springframework.boot.autoconfigure.http.JacksonHttpMessageConvertersConfiguration'
2025-05-01T18:02:25.037-04:00 DEBUG 12281 --- [petuser] [           main] o.s.b.f.s.DefaultListableBeanFactory     : Creating shared instance of singleton bean 'org.springframework.data.web.config.ProjectingArgumentResolverRegistrar'
2025-05-01T18:02:25.037-04:00 DEBUG 12281 --- [petuser] [           main] o.s.b.f.s.DefaultListableBeanFactory     : Creating shared instance of singleton bean 'offsetResolver'
2025-05-01T18:02:25.037-04:00 DEBUG 12281 --- [petuser] [           main] o.s.b.f.s.DefaultListableBeanFactory     : Creating shared instance of singleton bean 'org.springframework.boot.autoconfigure.web.servlet.HttpEncodingAutoConfiguration'
2025-05-01T18:02:25.037-04:00 DEBUG 12281 --- [petuser] [           main] o.s.b.f.s.DefaultListableBeanFactory     : Autowiring by type from bean name 'org.springframework.boot.autoconfigure.web.servlet.HttpEncodingAutoConfiguration' via constructor to bean named 'server-org.springframework.boot.autoconfigure.web.ServerProperties'
2025-05-01T18:02:25.037-04:00 DEBUG 12281 --- [petuser] [           main] o.s.b.f.s.DefaultListableBeanFactory     : Creating shared instance of singleton bean 'characterEncodingFilter'
2025-05-01T18:02:25.037-04:00 DEBUG 12281 --- [petuser] [           main] o.s.b.f.s.DefaultListableBeanFactory     : Creating shared instance of singleton bean 'localeCharsetMappingsCustomizer'
2025-05-01T18:02:25.038-04:00 DEBUG 12281 --- [petuser] [           main] o.s.b.f.s.DefaultListableBeanFactory     : Creating shared instance of singleton bean 'org.springframework.boot.test.autoconfigure.web.servlet.MockMvcConfiguration'
2025-05-01T18:02:25.038-04:00 DEBUG 12281 --- [petuser] [           main] o.s.b.f.s.DefaultListableBeanFactory     : Autowiring by type from bean name 'org.springframework.boot.test.autoconfigure.web.servlet.MockMvcConfiguration' via constructor to bean named 'org.springframework.web.context.support.GenericWebApplicationContext@44e4fa97'
2025-05-01T18:02:25.038-04:00 DEBUG 12281 --- [petuser] [           main] o.s.b.f.s.DefaultListableBeanFactory     : Autowiring by type from bean name 'org.springframework.boot.test.autoconfigure.web.servlet.MockMvcConfiguration' via constructor to bean named 'spring.mvc-org.springframework.boot.autoconfigure.web.servlet.WebMvcProperties'
2025-05-01T18:02:25.038-04:00 DEBUG 12281 --- [petuser] [           main] o.s.b.f.s.DefaultListableBeanFactory     : Creating shared instance of singleton bean 'mockMvcBuilder'
2025-05-01T18:02:25.038-04:00 DEBUG 12281 --- [petuser] [           main] o.s.b.f.s.DefaultListableBeanFactory     : Creating shared instance of singleton bean 'springBootMockMvcBuilderCustomizer'
2025-05-01T18:02:25.039-04:00 DEBUG 12281 --- [petuser] [           main] o.s.b.f.s.DefaultListableBeanFactory     : Autowiring by type from bean name 'mockMvcBuilder' via factory method to bean named 'springBootMockMvcBuilderCustomizer'
2025-05-01T18:02:25.042-04:00 DEBUG 12281 --- [petuser] [           main] o.s.b.w.s.ServletContextInitializerBeans : Mapping filters: characterEncodingFilter urls=[/*] order=-2147483648, formContentFilter urls=[/*] order=-9900, requestContextFilter urls=[/*] order=-105
2025-05-01T18:02:25.042-04:00 DEBUG 12281 --- [petuser] [           main] o.s.b.w.s.ServletContextInitializerBeans : Mapping servlets: 
2025-05-01T18:02:25.045-04:00 DEBUG 12281 --- [petuser] [           main] o.s.b.f.s.DefaultListableBeanFactory     : Creating shared instance of singleton bean 'mockMvc'
2025-05-01T18:02:25.046-04:00 DEBUG 12281 --- [petuser] [           main] o.s.b.f.s.DefaultListableBeanFactory     : Autowiring by type from bean name 'mockMvc' via factory method to bean named 'mockMvcBuilder'
2025-05-01T18:02:25.047-04:00 DEBUG 12281 --- [petuser] [           main] s.b.w.s.f.OrderedCharacterEncodingFilter : Filter 'characterEncodingFilter' configured for use
2025-05-01T18:02:25.047-04:00 DEBUG 12281 --- [petuser] [           main] o.s.b.w.s.f.OrderedFormContentFilter     : Filter 'formContentFilter' configured for use
2025-05-01T18:02:25.047-04:00 DEBUG 12281 --- [petuser] [           main] o.s.b.w.s.f.OrderedRequestContextFilter  : Filter 'requestContextFilter' configured for use
2025-05-01T18:02:25.047-04:00  INFO 12281 --- [petuser] [           main] o.s.b.t.m.w.SpringBootMockServletContext : Initializing Spring TestDispatcherServlet ''
2025-05-01T18:02:25.047-04:00  INFO 12281 --- [petuser] [           main] o.s.t.web.servlet.TestDispatcherServlet  : Initializing Servlet ''
2025-05-01T18:02:25.047-04:00 DEBUG 12281 --- [petuser] [           main] o.s.t.web.servlet.TestDispatcherServlet  : Detected AcceptHeaderLocaleResolver
2025-05-01T18:02:25.047-04:00 DEBUG 12281 --- [petuser] [           main] o.s.t.web.servlet.TestDispatcherServlet  : Detected FixedThemeResolver
2025-05-01T18:02:25.048-04:00 DEBUG 12281 --- [petuser] [           main] o.s.t.web.servlet.TestDispatcherServlet  : Detected org.springframework.web.servlet.view.DefaultRequestToViewNameTranslator@c4cec4e
2025-05-01T18:02:25.048-04:00 DEBUG 12281 --- [petuser] [           main] o.s.t.web.servlet.TestDispatcherServlet  : Detected org.springframework.web.servlet.support.SessionFlashMapManager@a59819f
2025-05-01T18:02:25.048-04:00 DEBUG 12281 --- [petuser] [           main] o.s.t.web.servlet.TestDispatcherServlet  : enableLoggingRequestDetails='false': request parameters and headers will be masked to prevent unsafe logging of potentially sensitive data
2025-05-01T18:02:25.048-04:00  INFO 12281 --- [petuser] [           main] o.s.t.web.servlet.TestDispatcherServlet  : Completed initialization in 1 ms
2025-05-01T18:02:25.048-04:00 DEBUG 12281 --- [petuser] [           main] o.s.b.f.s.DefaultListableBeanFactory     : Creating shared instance of singleton bean 'org.springframework.boot.test.autoconfigure.web.servlet.MockMvcTesterConfiguration'
2025-05-01T18:02:25.049-04:00 DEBUG 12281 --- [petuser] [           main] o.s.b.f.s.DefaultListableBeanFactory     : Creating shared instance of singleton bean 'mockMvcTester'
2025-05-01T18:02:25.049-04:00 DEBUG 12281 --- [petuser] [           main] o.s.b.f.s.DefaultListableBeanFactory     : Autowiring by type from bean name 'mockMvcTester' via factory method to bean named 'mockMvc'
2025-05-01T18:02:25.050-04:00 DEBUG 12281 --- [petuser] [           main] o.s.b.f.s.DefaultListableBeanFactory     : Creating shared instance of singleton bean 'dispatcherServlet'
2025-05-01T18:02:25.050-04:00 DEBUG 12281 --- [petuser] [           main] o.s.b.f.s.DefaultListableBeanFactory     : Autowiring by type from bean name 'dispatcherServlet' via factory method to bean named 'mockMvc'
2025-05-01T18:02:25.054-04:00 DEBUG 12281 --- [petuser] [           main] o.s.c.support.DefaultLifecycleProcessor  : Starting beans in phase -2147483647
2025-05-01T18:02:25.054-04:00 DEBUG 12281 --- [petuser] [           main] o.s.c.support.DefaultLifecycleProcessor  : Successfully started bean 'springBootLoggingLifecycle'
2025-05-01T18:02:25.054-04:00 DEBUG 12281 --- [petuser] [           main] o.s.c.support.DefaultLifecycleProcessor  : Starting beans in phase 1073741823
2025-05-01T18:02:25.055-04:00 DEBUG 12281 --- [petuser] [           main] .s.b.a.l.ConditionEvaluationReportLogger : 


============================
CONDITIONS EVALUATION REPORT
============================


Positive matches:
-----------------

   ErrorMvcAutoConfiguration matched:
      - @ConditionalOnClass found required classes 'jakarta.servlet.Servlet', 'org.springframework.web.servlet.DispatcherServlet' (OnClassCondition)
      - found 'session' scope (OnWebApplicationCondition)

   ErrorMvcAutoConfiguration#basicErrorController matched:
      - @ConditionalOnMissingBean (types: org.springframework.boot.web.servlet.error.ErrorController; SearchStrategy: current) did not find any beans (OnBeanCondition)

   ErrorMvcAutoConfiguration#errorAttributes matched:
      - @ConditionalOnMissingBean (types: org.springframework.boot.web.servlet.error.ErrorAttributes; SearchStrategy: current) did not find any beans (OnBeanCondition)

   ErrorMvcAutoConfiguration.WhitelabelErrorViewConfiguration matched:
      - @ConditionalOnProperty (server.error.whitelabel.enabled) matched (OnPropertyCondition)
      - ErrorTemplate Missing did not find error template view (ErrorMvcAutoConfiguration.ErrorTemplateMissingCondition)

   ErrorMvcAutoConfiguration.WhitelabelErrorViewConfiguration#beanNameViewResolver matched:
      - @ConditionalOnMissingBean (types: org.springframework.web.servlet.view.BeanNameViewResolver; SearchStrategy: all) did not find any beans (OnBeanCondition)

   ErrorMvcAutoConfiguration.WhitelabelErrorViewConfiguration#defaultErrorView matched:
      - @ConditionalOnMissingBean (names: error; SearchStrategy: all) did not find any beans (OnBeanCondition)

   HttpEncodingAutoConfiguration matched:
      - @ConditionalOnClass found required class 'org.springframework.web.filter.CharacterEncodingFilter' (OnClassCondition)
      - found 'session' scope (OnWebApplicationCondition)
      - @ConditionalOnProperty (server.servlet.encoding.enabled) matched (OnPropertyCondition)

   HttpEncodingAutoConfiguration#characterEncodingFilter matched:
      - @ConditionalOnMissingBean (types: org.springframework.web.filter.CharacterEncodingFilter; SearchStrategy: all) did not find any beans (OnBeanCondition)

   HttpMessageConvertersAutoConfiguration matched:
      - @ConditionalOnClass found required class 'org.springframework.http.converter.HttpMessageConverter' (OnClassCondition)
      - NoneNestedConditions 0 matched 1 did not; NestedCondition on HttpMessageConvertersAutoConfiguration.NotReactiveWebApplicationCondition.ReactiveWebApplication did not find reactive web application classes (HttpMessageConvertersAutoConfiguration.NotReactiveWebApplicationCondition)

   HttpMessageConvertersAutoConfiguration#messageConverters matched:
      - @ConditionalOnMissingBean (types: org.springframework.boot.autoconfigure.http.HttpMessageConverters; SearchStrategy: all) did not find any beans (OnBeanCondition)

   HttpMessageConvertersAutoConfiguration.StringHttpMessageConverterConfiguration matched:
      - @ConditionalOnClass found required class 'org.springframework.http.converter.StringHttpMessageConverter' (OnClassCondition)

   HttpMessageConvertersAutoConfiguration.StringHttpMessageConverterConfiguration#stringHttpMessageConverter matched:
      - @ConditionalOnMissingBean (types: org.springframework.http.converter.StringHttpMessageConverter; SearchStrategy: all) did not find any beans (OnBeanCondition)

   JacksonAutoConfiguration matched:
      - @ConditionalOnClass found required class 'com.fasterxml.jackson.databind.ObjectMapper' (OnClassCondition)

   JacksonAutoConfiguration.Jackson2ObjectMapperBuilderCustomizerConfiguration matched:
      - @ConditionalOnClass found required class 'org.springframework.http.converter.json.Jackson2ObjectMapperBuilder' (OnClassCondition)

   JacksonAutoConfiguration.JacksonObjectMapperBuilderConfiguration matched:
      - @ConditionalOnClass found required class 'org.springframework.http.converter.json.Jackson2ObjectMapperBuilder' (OnClassCondition)

   JacksonAutoConfiguration.JacksonObjectMapperBuilderConfiguration#jacksonObjectMapperBuilder matched:
      - @ConditionalOnMissingBean (types: org.springframework.http.converter.json.Jackson2ObjectMapperBuilder; SearchStrategy: all) did not find any beans (OnBeanCondition)

   JacksonAutoConfiguration.JacksonObjectMapperConfiguration matched:
      - @ConditionalOnClass found required class 'org.springframework.http.converter.json.Jackson2ObjectMapperBuilder' (OnClassCondition)

   JacksonAutoConfiguration.JacksonObjectMapperConfiguration#jacksonObjectMapper matched:
      - @ConditionalOnMissingBean (types: com.fasterxml.jackson.databind.ObjectMapper; SearchStrategy: all) did not find any beans (OnBeanCondition)

   JacksonAutoConfiguration.ParameterNamesModuleConfiguration matched:
      - @ConditionalOnClass found required class 'com.fasterxml.jackson.module.paramnames.ParameterNamesModule' (OnClassCondition)

   JacksonAutoConfiguration.ParameterNamesModuleConfiguration#parameterNamesModule matched:
      - @ConditionalOnMissingBean (types: com.fasterxml.jackson.module.paramnames.ParameterNamesModule; SearchStrategy: all) did not find any beans (OnBeanCondition)

   JacksonHttpMessageConvertersConfiguration.MappingJackson2HttpMessageConverterConfiguration matched:
      - @ConditionalOnClass found required class 'com.fasterxml.jackson.databind.ObjectMapper' (OnClassCondition)
      - @ConditionalOnProperty (spring.mvc.converters.preferred-json-mapper=jackson) matched (OnPropertyCondition)
      - @ConditionalOnBean (types: com.fasterxml.jackson.databind.ObjectMapper; SearchStrategy: all) found bean 'jacksonObjectMapper' (OnBeanCondition)

   JacksonHttpMessageConvertersConfiguration.MappingJackson2HttpMessageConverterConfiguration#mappingJackson2HttpMessageConverter matched:
      - @ConditionalOnMissingBean (types: org.springframework.http.converter.json.MappingJackson2HttpMessageConverter ignored: org.springframework.hateoas.server.mvc.TypeConstrainedMappingJackson2HttpMessageConverter,org.springframework.data.rest.webmvc.alps.AlpsJsonHttpMessageConverter; SearchStrategy: all) did not find any beans (OnBeanCondition)

   MockMvcAutoConfiguration matched:
      - found 'session' scope (OnWebApplicationCondition)

   MockMvcAutoConfiguration#dispatcherServlet matched:
      - @ConditionalOnMissingBean (types: org.springframework.web.servlet.DispatcherServlet; SearchStrategy: all) did not find any beans (OnBeanCondition)

   MockMvcAutoConfiguration#dispatcherServletPath matched:
      - @ConditionalOnMissingBean (types: org.springframework.boot.autoconfigure.web.servlet.DispatcherServletPath; SearchStrategy: all) did not find any beans (OnBeanCondition)

   MockMvcConfiguration#mockMvc matched:
      - @ConditionalOnMissingBean (types: org.springframework.test.web.servlet.MockMvc; SearchStrategy: all) did not find any beans (OnBeanCondition)

   MockMvcConfiguration#mockMvcBuilder matched:
      - @ConditionalOnMissingBean (types: org.springframework.test.web.servlet.MockMvcBuilder; SearchStrategy: all) did not find any beans (OnBeanCondition)

   MockMvcTesterConfiguration matched:
      - @ConditionalOnClass found required class 'org.assertj.core.api.Assert' (OnClassCondition)

   MockMvcTesterConfiguration#mockMvcTester matched:
      - @ConditionalOnMissingBean (types: org.springframework.test.web.servlet.assertj.MockMvcTester; SearchStrategy: all) did not find any beans (OnBeanCondition)

   NoOpCacheConfiguration matched:
      - Cache org.springframework.boot.autoconfigure.cache.NoOpCacheConfiguration NONE cache type (CacheCondition)

   SpringDataWebAutoConfiguration matched:
      - @ConditionalOnClass found required classes 'org.springframework.data.web.PageableHandlerMethodArgumentResolver', 'org.springframework.web.servlet.config.annotation.WebMvcConfigurer' (OnClassCondition)
      - found 'session' scope (OnWebApplicationCondition)
      - @ConditionalOnMissingBean (types: org.springframework.data.web.PageableHandlerMethodArgumentResolver; SearchStrategy: all) did not find any beans (OnBeanCondition)

   SpringDataWebAutoConfiguration#pageableCustomizer matched:
      - @ConditionalOnMissingBean (types: org.springframework.data.web.config.PageableHandlerMethodArgumentResolverCustomizer; SearchStrategy: all) did not find any beans (OnBeanCondition)

   SpringDataWebAutoConfiguration#sortCustomizer matched:
      - @ConditionalOnMissingBean (types: org.springframework.data.web.config.SortHandlerMethodArgumentResolverCustomizer; SearchStrategy: all) did not find any beans (OnBeanCondition)

   SpringDataWebAutoConfiguration#springDataWebSettings matched:
      - @ConditionalOnMissingBean (types: org.springframework.data.web.config.SpringDataWebSettings; SearchStrategy: all) did not find any beans (OnBeanCondition)

   TaskExecutionAutoConfiguration matched:
      - @ConditionalOnClass found required class 'org.springframework.scheduling.concurrent.ThreadPoolTaskExecutor' (OnClassCondition)

   TaskExecutorConfigurations.SimpleAsyncTaskExecutorBuilderConfiguration#simpleAsyncTaskExecutorBuilder matched:
      - @ConditionalOnMissingBean (types: org.springframework.boot.task.SimpleAsyncTaskExecutorBuilder; SearchStrategy: all) did not find any beans (OnBeanCondition)
      - @ConditionalOnThreading found PLATFORM (OnThreadingCondition)

   TaskExecutorConfigurations.TaskExecutorConfiguration matched:
      - @ConditionalOnMissingBean (types: java.util.concurrent.Executor; SearchStrategy: all) did not find any beans (OnBeanCondition)

   TaskExecutorConfigurations.TaskExecutorConfiguration#applicationTaskExecutor matched:
      - @ConditionalOnThreading found PLATFORM (OnThreadingCondition)

   TaskExecutorConfigurations.ThreadPoolTaskExecutorBuilderConfiguration#threadPoolTaskExecutorBuilder matched:
      - @ConditionalOnMissingBean (types: org.springframework.boot.task.ThreadPoolTaskExecutorBuilder; SearchStrategy: all) did not find any beans (OnBeanCondition)

   ValidationAutoConfiguration matched:
      - @ConditionalOnClass found required class 'jakarta.validation.executable.ExecutableValidator' (OnClassCondition)
      - @ConditionalOnResource found location classpath:META-INF/services/jakarta.validation.spi.ValidationProvider (OnResourceCondition)

   ValidationAutoConfiguration#defaultValidator matched:
      - @ConditionalOnMissingBean (types: jakarta.validation.Validator; SearchStrategy: all) did not find any beans (OnBeanCondition)

   ValidationAutoConfiguration#methodValidationPostProcessor matched:
      - @ConditionalOnMissingBean (types: org.springframework.validation.beanvalidation.MethodValidationPostProcessor; SearchStrategy: current) did not find any beans (OnBeanCondition)

   WebMvcAutoConfiguration matched:
      - @ConditionalOnClass found required classes 'jakarta.servlet.Servlet', 'org.springframework.web.servlet.DispatcherServlet', 'org.springframework.web.servlet.config.annotation.WebMvcConfigurer' (OnClassCondition)
      - found 'session' scope (OnWebApplicationCondition)
      - @ConditionalOnMissingBean (types: org.springframework.web.servlet.config.annotation.WebMvcConfigurationSupport; SearchStrategy: all) did not find any beans (OnBeanCondition)

   WebMvcAutoConfiguration#formContentFilter matched:
      - @ConditionalOnProperty (spring.mvc.formcontent.filter.enabled) matched (OnPropertyCondition)
      - @ConditionalOnMissingBean (types: org.springframework.web.filter.FormContentFilter; SearchStrategy: all) did not find any beans (OnBeanCondition)

   WebMvcAutoConfiguration.EnableWebMvcConfiguration#flashMapManager matched:
      - @ConditionalOnMissingBean (names: flashMapManager; SearchStrategy: all) did not find any beans (OnBeanCondition)

   WebMvcAutoConfiguration.EnableWebMvcConfiguration#localeResolver matched:
      - @ConditionalOnMissingBean (names: localeResolver; SearchStrategy: all) did not find any beans (OnBeanCondition)

   WebMvcAutoConfiguration.EnableWebMvcConfiguration#themeResolver matched:
      - @ConditionalOnMissingBean (names: themeResolver; SearchStrategy: all) did not find any beans (OnBeanCondition)

   WebMvcAutoConfiguration.EnableWebMvcConfiguration#viewNameTranslator matched:
      - @ConditionalOnMissingBean (names: viewNameTranslator; SearchStrategy: all) did not find any beans (OnBeanCondition)

   WebMvcAutoConfiguration.WebMvcAutoConfigurationAdapter#defaultViewResolver matched:
      - @ConditionalOnMissingBean (types: org.springframework.web.servlet.view.InternalResourceViewResolver; SearchStrategy: all) did not find any beans (OnBeanCondition)

   WebMvcAutoConfiguration.WebMvcAutoConfigurationAdapter#requestContextFilter matched:
      - @ConditionalOnMissingBean (types: org.springframework.web.context.request.RequestContextListener,org.springframework.web.filter.RequestContextFilter; SearchStrategy: all) did not find any beans (OnBeanCondition)

   WebMvcAutoConfiguration.WebMvcAutoConfigurationAdapter#viewResolver matched:
      - @ConditionalOnBean (types: org.springframework.web.servlet.ViewResolver; SearchStrategy: all) found beans 'defaultViewResolver', 'beanNameViewResolver', 'mvcViewResolver'; @ConditionalOnMissingBean (names: viewResolver types: org.springframework.web.servlet.view.ContentNegotiatingViewResolver; SearchStrategy: all) did not find any beans (OnBeanCondition)


Negative matches:
-----------------

   Cache2kCacheConfiguration:
      Did not match:
         - @ConditionalOnClass did not find required class 'org.cache2k.Cache2kBuilder' (OnClassCondition)

   CacheAutoConfiguration:
      Did not match:
         - @ConditionalOnBean (types: org.springframework.cache.interceptor.CacheAspectSupport; SearchStrategy: all) did not find any beans of type org.springframework.cache.interceptor.CacheAspectSupport (OnBeanCondition)
      Matched:
         - @ConditionalOnClass found required class 'org.springframework.cache.CacheManager' (OnClassCondition)

   CacheAutoConfiguration.CacheManagerEntityManagerFactoryDependsOnPostProcessor:
      Did not match:
         - Ancestor org.springframework.boot.autoconfigure.cache.CacheAutoConfiguration did not match (ConditionEvaluationReport.AncestorsMatchedCondition)
      Matched:
         - @ConditionalOnClass found required class 'org.springframework.orm.jpa.LocalContainerEntityManagerFactoryBean' (OnClassCondition)

   CaffeineCacheConfiguration:
      Did not match:
         - @ConditionalOnClass did not find required class 'com.github.benmanes.caffeine.cache.Caffeine' (OnClassCondition)

   CouchbaseCacheConfiguration:
      Did not match:
         - @ConditionalOnClass did not find required class 'com.couchbase.client.java.Cluster' (OnClassCondition)

   ErrorMvcAutoConfiguration.DefaultErrorViewResolverConfiguration#conventionErrorViewResolver:
      Did not match:
         - @ConditionalOnBean (types: org.springframework.web.servlet.DispatcherServlet; SearchStrategy: all) did not find any beans of type org.springframework.web.servlet.DispatcherServlet (OnBeanCondition)

   FreeMarkerAutoConfiguration:
      Did not match:
         - @ConditionalOnClass did not find required class 'freemarker.template.Configuration' (OnClassCondition)

   GenericCacheConfiguration:
      Did not match:
         - Cache org.springframework.boot.autoconfigure.cache.GenericCacheConfiguration unknown cache type (CacheCondition)

   GroovyTemplateAutoConfiguration:
      Did not match:
         - @ConditionalOnClass did not find required class 'groovy.text.markup.MarkupTemplateEngine' (OnClassCondition)

   GsonAutoConfiguration:
      Did not match:
         - @ConditionalOnClass did not find required class 'com.google.gson.Gson' (OnClassCondition)

   GsonHttpMessageConvertersConfiguration:
      Did not match:
         - @ConditionalOnClass did not find required class 'com.google.gson.Gson' (OnClassCondition)

   HazelcastCacheConfiguration:
      Did not match:
         - @ConditionalOnClass did not find required class 'com.hazelcast.core.HazelcastInstance' (OnClassCondition)

   HypermediaAutoConfiguration:
      Did not match:
         - @ConditionalOnClass did not find required class 'org.springframework.hateoas.EntityModel' (OnClassCondition)

   InfinispanCacheConfiguration:
      Did not match:
         - @ConditionalOnClass did not find required class 'org.infinispan.spring.embedded.provider.SpringEmbeddedCacheManager' (OnClassCondition)

   JCacheCacheConfiguration:
      Did not match:
         - @ConditionalOnClass did not find required class 'javax.cache.Caching' (OnClassCondition)

   JacksonHttpMessageConvertersConfiguration.MappingJackson2XmlHttpMessageConverterConfiguration:
      Did not match:
         - @ConditionalOnClass did not find required class 'com.fasterxml.jackson.dataformat.xml.XmlMapper' (OnClassCondition)

   JsonbAutoConfiguration:
      Did not match:
         - @ConditionalOnClass did not find required class 'jakarta.json.bind.Jsonb' (OnClassCondition)

   JsonbHttpMessageConvertersConfiguration:
      Did not match:
         - @ConditionalOnClass did not find required class 'jakarta.json.bind.Jsonb' (OnClassCondition)

   MessageSourceAutoConfiguration:
      Did not match:
         - ResourceBundle did not find bundle with basename messages (MessageSourceAutoConfiguration.ResourceBundleCondition)

   MockMvcAutoConfiguration.WebTestClientMockMvcConfiguration:
      Did not match:
         - @ConditionalOnClass did not find required class 'org.springframework.web.reactive.function.client.WebClient' (OnClassCondition)

   MockMvcSecurityConfiguration:
      Did not match:
         - @ConditionalOnClass did not find required class 'org.springframework.security.test.web.servlet.request.SecurityMockMvcRequestPostProcessors' (OnClassCondition)

   MockMvcWebClientAutoConfiguration:
      Did not match:
         - @ConditionalOnClass did not find required class 'org.htmlunit.WebClient' (OnClassCondition)

   MockMvcWebDriverAutoConfiguration:
      Did not match:
         - @ConditionalOnClass did not find required class 'org.openqa.selenium.htmlunit.HtmlUnitDriver' (OnClassCondition)

   MustacheAutoConfiguration:
      Did not match:
         - @ConditionalOnClass did not find required class 'com.samskivert.mustache.Mustache' (OnClassCondition)

   OAuth2ClientAutoConfiguration:
      Did not match:
         - @ConditionalOnClass did not find required class 'org.springframework.security.config.annotation.web.configuration.EnableWebSecurity' (OnClassCondition)

   OAuth2ResourceServerAutoConfiguration:
      Did not match:
         - @ConditionalOnClass did not find required class 'org.springframework.security.oauth2.server.resource.authentication.BearerTokenAuthenticationToken' (OnClassCondition)

   RedisCacheConfiguration:
      Did not match:
         - @ConditionalOnClass did not find required class 'org.springframework.data.redis.connection.RedisConnectionFactory' (OnClassCondition)

   SecurityAutoConfiguration:
      Did not match:
         - @ConditionalOnClass did not find required class 'org.springframework.security.authentication.DefaultAuthenticationEventPublisher' (OnClassCondition)

   SecurityFilterAutoConfiguration:
      Did not match:
         - @ConditionalOnClass did not find required class 'org.springframework.security.config.http.SessionCreationPolicy' (OnClassCondition)

   SimpleCacheConfiguration:
      Did not match:
         - Cache org.springframework.boot.autoconfigure.cache.SimpleCacheConfiguration unknown cache type (CacheCondition)

   TaskExecutorConfigurations.SimpleAsyncTaskExecutorBuilderConfiguration#simpleAsyncTaskExecutorBuilderVirtualThreads:
      Did not match:
         - @ConditionalOnMissingBean (types: org.springframework.boot.task.SimpleAsyncTaskExecutorBuilder; SearchStrategy: all) found beans of type 'org.springframework.boot.task.SimpleAsyncTaskExecutorBuilder' simpleAsyncTaskExecutorBuilder (OnBeanCondition)

   TaskExecutorConfigurations.TaskExecutorConfiguration#applicationTaskExecutorVirtualThreads:
      Did not match:
         - @ConditionalOnThreading did not find VIRTUAL (OnThreadingCondition)

   ThymeleafAutoConfiguration:
      Did not match:
         - @ConditionalOnClass did not find required class 'org.thymeleaf.spring6.SpringTemplateEngine' (OnClassCondition)

   UserDetailsServiceAutoConfiguration:
      Did not match:
         - @ConditionalOnClass did not find required class 'org.springframework.security.authentication.AuthenticationManager' (OnClassCondition)

   WebMvcAutoConfiguration#hiddenHttpMethodFilter:
      Did not match:
         - @ConditionalOnProperty (spring.mvc.hiddenmethod.filter.enabled) did not find property 'enabled' (OnPropertyCondition)

   WebMvcAutoConfiguration.ProblemDetailsErrorHandlingConfiguration:
      Did not match:
         - @ConditionalOnProperty (spring.mvc.problemdetails.enabled=true) did not find property 'enabled' (OnPropertyCondition)

   WebMvcAutoConfiguration.ResourceChainCustomizerConfiguration:
      Did not match:
         - @ConditionalOnEnabledResourceChain did not find class org.webjars.WebJarVersionLocator (OnEnabledResourceChainCondition)

   WebMvcAutoConfiguration.WebMvcAutoConfigurationAdapter#beanNameViewResolver:
      Did not match:
         - @ConditionalOnMissingBean (types: org.springframework.web.servlet.view.BeanNameViewResolver; SearchStrategy: all) found beans of type 'org.springframework.web.servlet.view.BeanNameViewResolver' beanNameViewResolver (OnBeanCondition)

   WebTestClientAutoConfiguration:
      Did not match:
         - @ConditionalOnClass did not find required class 'org.springframework.web.reactive.function.client.WebClient' (OnClassCondition)


Exclusions:
-----------

    None


Unconditional classes:
----------------------

    None



2025-05-01T18:02:25.057-04:00  INFO 12281 --- [petuser] [           main] c.p.p.controller.UsuarioControllerTest   : Started UsuarioControllerTest in 0.182 seconds (process running for 9.902)
2025-05-01T18:02:25.058-04:00 DEBUG 12281 --- [petuser] [           main] org.springframework.test.context.cache   : Spring test ApplicationContext cache statistics: [DefaultContextCache@1ed0128b size = 3, maxSize = 32, parentContextCount = 0, hitCount = 114, missCount = 3, failureCount = 0]
2025-05-01T18:02:25.059-04:00 DEBUG 12281 --- [petuser] [           main] DependencyInjectionTestExecutionListener : Performing dependency injection for test class com.petuser.petuser.controller.UsuarioControllerTest
2025-05-01T18:02:25.059-04:00 DEBUG 12281 --- [petuser] [           main] org.springframework.test.context.cache   : Spring test ApplicationContext cache statistics: [DefaultContextCache@1ed0128b size = 3, maxSize = 32, parentContextCount = 0, hitCount = 115, missCount = 3, failureCount = 0]
2025-05-01T18:02:25.059-04:00 DEBUG 12281 --- [petuser] [           main] org.springframework.test.context.cache   : Spring test ApplicationContext cache statistics: [DefaultContextCache@1ed0128b size = 3, maxSize = 32, parentContextCount = 0, hitCount = 116, missCount = 3, failureCount = 0]
2025-05-01T18:02:25.060-04:00 DEBUG 12281 --- [petuser] [           main] sContextBeforeModesTestExecutionListener : Before test method: class [UsuarioControllerTest], method [loginFailedTest], class annotated with @DirtiesContext [false] with mode [null], method annotated with @DirtiesContext [false] with mode [null]
2025-05-01T18:02:25.061-04:00 DEBUG 12281 --- [petuser] [           main] org.springframework.test.context.cache   : Spring test ApplicationContext cache statistics: [DefaultContextCache@1ed0128b size = 3, maxSize = 32, parentContextCount = 0, hitCount = 117, missCount = 3, failureCount = 0]
2025-05-01T18:02:25.061-04:00 DEBUG 12281 --- [petuser] [           main] org.springframework.test.context.cache   : Spring test ApplicationContext cache statistics: [DefaultContextCache@1ed0128b size = 3, maxSize = 32, parentContextCount = 0, hitCount = 118, missCount = 3, failureCount = 0]
2025-05-01T18:02:25.061-04:00 DEBUG 12281 --- [petuser] [           main] org.springframework.test.context.cache   : Spring test ApplicationContext cache statistics: [DefaultContextCache@1ed0128b size = 3, maxSize = 32, parentContextCount = 0, hitCount = 119, missCount = 3, failureCount = 0]
2025-05-01T18:02:25.062-04:00 DEBUG 12281 --- [petuser] [           main] org.springframework.test.context.cache   : Spring test ApplicationContext cache statistics: [DefaultContextCache@1ed0128b size = 3, maxSize = 32, parentContextCount = 0, hitCount = 120, missCount = 3, failureCount = 0]
2025-05-01T18:02:25.077-04:00 DEBUG 12281 --- [petuser] [           main] o.s.t.web.servlet.TestDispatcherServlet  : POST "/api/v1/usuarios/login", parameters={}
2025-05-01T18:02:25.079-04:00 DEBUG 12281 --- [petuser] [           main] s.w.s.m.m.a.RequestMappingHandlerMapping : Mapped to com.petuser.petuser.controller.UsuarioController#login(UsuarioLoginRequest)
2025-05-01T18:02:25.103-04:00 DEBUG 12281 --- [petuser] [           main] m.m.a.RequestResponseBodyMethodProcessor : Read "application/json;charset=UTF-8" to [UsuarioLoginRequest(email=juan.perez@gmail.com, password=wrongpassword)]
2025-05-01T18:02:25.105-04:00  INFO 12281 --- [petuser] [           main] c.p.p.controller.UsuarioController       : Logging in user: UsuarioLoginRequest(email=juan.perez@gmail.com, password=wrongpassword)
2025-05-01T18:02:25.105-04:00 ERROR 12281 --- [petuser] [           main] c.p.p.controller.UsuarioController       : User not found: UsuarioLoginRequest(email=juan.perez@gmail.com, password=wrongpassword)
2025-05-01T18:02:25.111-04:00 DEBUG 12281 --- [petuser] [           main] o.s.w.s.m.m.a.HttpEntityMethodProcessor  : Using 'application/json', given [*/*] and supported [application/json, application/*+json]
2025-05-01T18:02:25.112-04:00 DEBUG 12281 --- [petuser] [           main] o.s.w.s.m.m.a.HttpEntityMethodProcessor  : Nothing to write: null body
2025-05-01T18:02:25.112-04:00 DEBUG 12281 --- [petuser] [           main] o.s.t.web.servlet.TestDispatcherServlet  : Completed 404 NOT_FOUND
2025-05-01T18:02:25.114-04:00 DEBUG 12281 --- [petuser] [           main] org.springframework.test.context.cache   : Spring test ApplicationContext cache statistics: [DefaultContextCache@1ed0128b size = 3, maxSize = 32, parentContextCount = 0, hitCount = 121, missCount = 3, failureCount = 0]
2025-05-01T18:02:25.114-04:00 DEBUG 12281 --- [petuser] [           main] org.springframework.test.context.cache   : Spring test ApplicationContext cache statistics: [DefaultContextCache@1ed0128b size = 3, maxSize = 32, parentContextCount = 0, hitCount = 122, missCount = 3, failureCount = 0]
2025-05-01T18:02:25.115-04:00 DEBUG 12281 --- [petuser] [           main] org.springframework.test.context.cache   : Spring test ApplicationContext cache statistics: [DefaultContextCache@1ed0128b size = 3, maxSize = 32, parentContextCount = 0, hitCount = 123, missCount = 3, failureCount = 0]
2025-05-01T18:02:25.115-04:00 DEBUG 12281 --- [petuser] [           main] org.springframework.test.context.cache   : Spring test ApplicationContext cache statistics: [DefaultContextCache@1ed0128b size = 3, maxSize = 32, parentContextCount = 0, hitCount = 124, missCount = 3, failureCount = 0]
2025-05-01T18:02:25.115-04:00 DEBUG 12281 --- [petuser] [           main] org.springframework.test.context.cache   : Spring test ApplicationContext cache statistics: [DefaultContextCache@1ed0128b size = 3, maxSize = 32, parentContextCount = 0, hitCount = 125, missCount = 3, failureCount = 0]
2025-05-01T18:02:25.115-04:00 DEBUG 12281 --- [petuser] [           main] org.springframework.test.context.cache   : Spring test ApplicationContext cache statistics: [DefaultContextCache@1ed0128b size = 3, maxSize = 32, parentContextCount = 0, hitCount = 126, missCount = 3, failureCount = 0]
2025-05-01T18:02:25.116-04:00 DEBUG 12281 --- [petuser] [           main] org.springframework.test.context.cache   : Spring test ApplicationContext cache statistics: [DefaultContextCache@1ed0128b size = 3, maxSize = 32, parentContextCount = 0, hitCount = 127, missCount = 3, failureCount = 0]
2025-05-01T18:02:25.116-04:00 DEBUG 12281 --- [petuser] [           main] .c.s.DirtiesContextTestExecutionListener : After test method: class [UsuarioControllerTest], method [loginFailedTest], class annotated with @DirtiesContext [false] with mode [null], method annotated with @DirtiesContext [false] with mode [null]
]]></system-out>
  </testcase>
  <testcase name="loginTest" classname="com.petuser.petuser.controller.UsuarioControllerTest" time="0.018">
    <system-out><![CDATA[2025-05-01T18:02:25.117-04:00 DEBUG 12281 --- [petuser] [           main] org.springframework.test.context.cache   : Spring test ApplicationContext cache statistics: [DefaultContextCache@1ed0128b size = 3, maxSize = 32, parentContextCount = 0, hitCount = 128, missCount = 3, failureCount = 0]
2025-05-01T18:02:25.117-04:00 DEBUG 12281 --- [petuser] [           main] DependencyInjectionTestExecutionListener : Performing dependency injection for test class com.petuser.petuser.controller.UsuarioControllerTest
2025-05-01T18:02:25.117-04:00 DEBUG 12281 --- [petuser] [           main] org.springframework.test.context.cache   : Spring test ApplicationContext cache statistics: [DefaultContextCache@1ed0128b size = 3, maxSize = 32, parentContextCount = 0, hitCount = 129, missCount = 3, failureCount = 0]
2025-05-01T18:02:25.117-04:00 DEBUG 12281 --- [petuser] [           main] org.springframework.test.context.cache   : Spring test ApplicationContext cache statistics: [DefaultContextCache@1ed0128b size = 3, maxSize = 32, parentContextCount = 0, hitCount = 130, missCount = 3, failureCount = 0]
2025-05-01T18:02:25.117-04:00 DEBUG 12281 --- [petuser] [           main] sContextBeforeModesTestExecutionListener : Before test method: class [UsuarioControllerTest], method [loginTest], class annotated with @DirtiesContext [false] with mode [null], method annotated with @DirtiesContext [false] with mode [null]
2025-05-01T18:02:25.117-04:00 DEBUG 12281 --- [petuser] [           main] org.springframework.test.context.cache   : Spring test ApplicationContext cache statistics: [DefaultContextCache@1ed0128b size = 3, maxSize = 32, parentContextCount = 0, hitCount = 131, missCount = 3, failureCount = 0]
2025-05-01T18:02:25.117-04:00 DEBUG 12281 --- [petuser] [           main] org.springframework.test.context.cache   : Spring test ApplicationContext cache statistics: [DefaultContextCache@1ed0128b size = 3, maxSize = 32, parentContextCount = 0, hitCount = 132, missCount = 3, failureCount = 0]
2025-05-01T18:02:25.118-04:00 DEBUG 12281 --- [petuser] [           main] org.springframework.test.context.cache   : Spring test ApplicationContext cache statistics: [DefaultContextCache@1ed0128b size = 3, maxSize = 32, parentContextCount = 0, hitCount = 133, missCount = 3, failureCount = 0]
2025-05-01T18:02:25.118-04:00 DEBUG 12281 --- [petuser] [           main] org.springframework.test.context.cache   : Spring test ApplicationContext cache statistics: [DefaultContextCache@1ed0128b size = 3, maxSize = 32, parentContextCount = 0, hitCount = 134, missCount = 3, failureCount = 0]
2025-05-01T18:02:25.119-04:00 DEBUG 12281 --- [petuser] [           main] o.s.t.web.servlet.TestDispatcherServlet  : POST "/api/v1/usuarios/login", parameters={}
2025-05-01T18:02:25.119-04:00 DEBUG 12281 --- [petuser] [           main] s.w.s.m.m.a.RequestMappingHandlerMapping : Mapped to com.petuser.petuser.controller.UsuarioController#login(UsuarioLoginRequest)
2025-05-01T18:02:25.119-04:00 DEBUG 12281 --- [petuser] [           main] m.m.a.RequestResponseBodyMethodProcessor : Read "application/json;charset=UTF-8" to [UsuarioLoginRequest(email=juan.perez@gmail.com, password=password123)]
2025-05-01T18:02:25.119-04:00  INFO 12281 --- [petuser] [           main] c.p.p.controller.UsuarioController       : Logging in user: UsuarioLoginRequest(email=juan.perez@gmail.com, password=password123)
2025-05-01T18:02:25.120-04:00  INFO 12281 --- [petuser] [           main] c.p.p.controller.UsuarioController       : User logged in: UsuarioGetResponse(id=null, nombre=Juan, apellido=Pérez, email=juan.perez@gmail.com, telefono=null, direccion=null, rol=null)
2025-05-01T18:02:25.120-04:00 DEBUG 12281 --- [petuser] [           main] o.s.w.s.m.m.a.HttpEntityMethodProcessor  : Using 'application/json', given [*/*] and supported [application/json, application/*+json]
2025-05-01T18:02:25.120-04:00 DEBUG 12281 --- [petuser] [           main] o.s.w.s.m.m.a.HttpEntityMethodProcessor  : Writing [UsuarioGetResponse(id=null, nombre=Juan, apellido=Pérez, email=juan.perez@gmail.com, telefono=null,  (truncated)...]
2025-05-01T18:02:25.123-04:00 DEBUG 12281 --- [petuser] [           main] o.s.t.web.servlet.TestDispatcherServlet  : Completed 200 OK
2025-05-01T18:02:25.134-04:00 DEBUG 12281 --- [petuser] [           main] org.springframework.test.context.cache   : Spring test ApplicationContext cache statistics: [DefaultContextCache@1ed0128b size = 3, maxSize = 32, parentContextCount = 0, hitCount = 135, missCount = 3, failureCount = 0]
2025-05-01T18:02:25.134-04:00 DEBUG 12281 --- [petuser] [           main] org.springframework.test.context.cache   : Spring test ApplicationContext cache statistics: [DefaultContextCache@1ed0128b size = 3, maxSize = 32, parentContextCount = 0, hitCount = 136, missCount = 3, failureCount = 0]
2025-05-01T18:02:25.134-04:00 DEBUG 12281 --- [petuser] [           main] org.springframework.test.context.cache   : Spring test ApplicationContext cache statistics: [DefaultContextCache@1ed0128b size = 3, maxSize = 32, parentContextCount = 0, hitCount = 137, missCount = 3, failureCount = 0]
2025-05-01T18:02:25.134-04:00 DEBUG 12281 --- [petuser] [           main] org.springframework.test.context.cache   : Spring test ApplicationContext cache statistics: [DefaultContextCache@1ed0128b size = 3, maxSize = 32, parentContextCount = 0, hitCount = 138, missCount = 3, failureCount = 0]
2025-05-01T18:02:25.134-04:00 DEBUG 12281 --- [petuser] [           main] org.springframework.test.context.cache   : Spring test ApplicationContext cache statistics: [DefaultContextCache@1ed0128b size = 3, maxSize = 32, parentContextCount = 0, hitCount = 139, missCount = 3, failureCount = 0]
2025-05-01T18:02:25.135-04:00 DEBUG 12281 --- [petuser] [           main] org.springframework.test.context.cache   : Spring test ApplicationContext cache statistics: [DefaultContextCache@1ed0128b size = 3, maxSize = 32, parentContextCount = 0, hitCount = 140, missCount = 3, failureCount = 0]
2025-05-01T18:02:25.135-04:00 DEBUG 12281 --- [petuser] [           main] org.springframework.test.context.cache   : Spring test ApplicationContext cache statistics: [DefaultContextCache@1ed0128b size = 3, maxSize = 32, parentContextCount = 0, hitCount = 141, missCount = 3, failureCount = 0]
2025-05-01T18:02:25.135-04:00 DEBUG 12281 --- [petuser] [           main] .c.s.DirtiesContextTestExecutionListener : After test method: class [UsuarioControllerTest], method [loginTest], class annotated with @DirtiesContext [false] with mode [null], method annotated with @DirtiesContext [false] with mode [null]
]]></system-out>
  </testcase>
  <testcase name="getAllTest" classname="com.petuser.petuser.controller.UsuarioControllerTest" time="0.007">
    <system-out><![CDATA[2025-05-01T18:02:25.135-04:00 DEBUG 12281 --- [petuser] [           main] org.springframework.test.context.cache   : Spring test ApplicationContext cache statistics: [DefaultContextCache@1ed0128b size = 3, maxSize = 32, parentContextCount = 0, hitCount = 142, missCount = 3, failureCount = 0]
2025-05-01T18:02:25.136-04:00 DEBUG 12281 --- [petuser] [           main] DependencyInjectionTestExecutionListener : Performing dependency injection for test class com.petuser.petuser.controller.UsuarioControllerTest
2025-05-01T18:02:25.136-04:00 DEBUG 12281 --- [petuser] [           main] org.springframework.test.context.cache   : Spring test ApplicationContext cache statistics: [DefaultContextCache@1ed0128b size = 3, maxSize = 32, parentContextCount = 0, hitCount = 143, missCount = 3, failureCount = 0]
2025-05-01T18:02:25.136-04:00 DEBUG 12281 --- [petuser] [           main] org.springframework.test.context.cache   : Spring test ApplicationContext cache statistics: [DefaultContextCache@1ed0128b size = 3, maxSize = 32, parentContextCount = 0, hitCount = 144, missCount = 3, failureCount = 0]
2025-05-01T18:02:25.136-04:00 DEBUG 12281 --- [petuser] [           main] sContextBeforeModesTestExecutionListener : Before test method: class [UsuarioControllerTest], method [getAllTest], class annotated with @DirtiesContext [false] with mode [null], method annotated with @DirtiesContext [false] with mode [null]
2025-05-01T18:02:25.136-04:00 DEBUG 12281 --- [petuser] [           main] org.springframework.test.context.cache   : Spring test ApplicationContext cache statistics: [DefaultContextCache@1ed0128b size = 3, maxSize = 32, parentContextCount = 0, hitCount = 145, missCount = 3, failureCount = 0]
2025-05-01T18:02:25.136-04:00 DEBUG 12281 --- [petuser] [           main] org.springframework.test.context.cache   : Spring test ApplicationContext cache statistics: [DefaultContextCache@1ed0128b size = 3, maxSize = 32, parentContextCount = 0, hitCount = 146, missCount = 3, failureCount = 0]
2025-05-01T18:02:25.137-04:00 DEBUG 12281 --- [petuser] [           main] org.springframework.test.context.cache   : Spring test ApplicationContext cache statistics: [DefaultContextCache@1ed0128b size = 3, maxSize = 32, parentContextCount = 0, hitCount = 147, missCount = 3, failureCount = 0]
2025-05-01T18:02:25.137-04:00 DEBUG 12281 --- [petuser] [           main] org.springframework.test.context.cache   : Spring test ApplicationContext cache statistics: [DefaultContextCache@1ed0128b size = 3, maxSize = 32, parentContextCount = 0, hitCount = 148, missCount = 3, failureCount = 0]
2025-05-01T18:02:25.137-04:00 DEBUG 12281 --- [petuser] [           main] o.s.t.web.servlet.TestDispatcherServlet  : GET "/api/v1/usuarios", parameters={}
2025-05-01T18:02:25.137-04:00 DEBUG 12281 --- [petuser] [           main] s.w.s.m.m.a.RequestMappingHandlerMapping : Mapped to com.petuser.petuser.controller.UsuarioController#getAllUsuarios()
2025-05-01T18:02:25.138-04:00  INFO 12281 --- [petuser] [           main] c.p.p.controller.UsuarioController       : Getting all users: {}
2025-05-01T18:02:25.138-04:00  INFO 12281 --- [petuser] [           main] c.p.p.controller.UsuarioController       : Usuarios: 2
2025-05-01T18:02:25.140-04:00 DEBUG 12281 --- [petuser] [           main] o.s.w.s.m.m.a.HttpEntityMethodProcessor  : Using 'application/json', given [*/*] and supported [application/json, application/*+json]
2025-05-01T18:02:25.140-04:00 DEBUG 12281 --- [petuser] [           main] o.s.w.s.m.m.a.HttpEntityMethodProcessor  : Writing [[UsuarioGetResponse(id=null, nombre=Juan, apellido=Pérez, email=juan.perez@gmail.com, telefono=null, (truncated)...]
2025-05-01T18:02:25.141-04:00 DEBUG 12281 --- [petuser] [           main] o.s.t.web.servlet.TestDispatcherServlet  : Completed 200 OK
2025-05-01T18:02:25.142-04:00 DEBUG 12281 --- [petuser] [           main] org.springframework.test.context.cache   : Spring test ApplicationContext cache statistics: [DefaultContextCache@1ed0128b size = 3, maxSize = 32, parentContextCount = 0, hitCount = 149, missCount = 3, failureCount = 0]
2025-05-01T18:02:25.142-04:00 DEBUG 12281 --- [petuser] [           main] org.springframework.test.context.cache   : Spring test ApplicationContext cache statistics: [DefaultContextCache@1ed0128b size = 3, maxSize = 32, parentContextCount = 0, hitCount = 150, missCount = 3, failureCount = 0]
2025-05-01T18:02:25.142-04:00 DEBUG 12281 --- [petuser] [           main] org.springframework.test.context.cache   : Spring test ApplicationContext cache statistics: [DefaultContextCache@1ed0128b size = 3, maxSize = 32, parentContextCount = 0, hitCount = 151, missCount = 3, failureCount = 0]
2025-05-01T18:02:25.143-04:00 DEBUG 12281 --- [petuser] [           main] org.springframework.test.context.cache   : Spring test ApplicationContext cache statistics: [DefaultContextCache@1ed0128b size = 3, maxSize = 32, parentContextCount = 0, hitCount = 152, missCount = 3, failureCount = 0]
2025-05-01T18:02:25.143-04:00 DEBUG 12281 --- [petuser] [           main] org.springframework.test.context.cache   : Spring test ApplicationContext cache statistics: [DefaultContextCache@1ed0128b size = 3, maxSize = 32, parentContextCount = 0, hitCount = 153, missCount = 3, failureCount = 0]
2025-05-01T18:02:25.143-04:00 DEBUG 12281 --- [petuser] [           main] org.springframework.test.context.cache   : Spring test ApplicationContext cache statistics: [DefaultContextCache@1ed0128b size = 3, maxSize = 32, parentContextCount = 0, hitCount = 154, missCount = 3, failureCount = 0]
2025-05-01T18:02:25.143-04:00 DEBUG 12281 --- [petuser] [           main] org.springframework.test.context.cache   : Spring test ApplicationContext cache statistics: [DefaultContextCache@1ed0128b size = 3, maxSize = 32, parentContextCount = 0, hitCount = 155, missCount = 3, failureCount = 0]
2025-05-01T18:02:25.143-04:00 DEBUG 12281 --- [petuser] [           main] .c.s.DirtiesContextTestExecutionListener : After test method: class [UsuarioControllerTest], method [getAllTest], class annotated with @DirtiesContext [false] with mode [null], method annotated with @DirtiesContext [false] with mode [null]
]]></system-out>
  </testcase>
  <testcase name="getUsuarioByIdNotFoundTest" classname="com.petuser.petuser.controller.UsuarioControllerTest" time="0.004">
    <system-out><![CDATA[2025-05-01T18:02:25.144-04:00 DEBUG 12281 --- [petuser] [           main] org.springframework.test.context.cache   : Spring test ApplicationContext cache statistics: [DefaultContextCache@1ed0128b size = 3, maxSize = 32, parentContextCount = 0, hitCount = 156, missCount = 3, failureCount = 0]
2025-05-01T18:02:25.144-04:00 DEBUG 12281 --- [petuser] [           main] DependencyInjectionTestExecutionListener : Performing dependency injection for test class com.petuser.petuser.controller.UsuarioControllerTest
2025-05-01T18:02:25.144-04:00 DEBUG 12281 --- [petuser] [           main] org.springframework.test.context.cache   : Spring test ApplicationContext cache statistics: [DefaultContextCache@1ed0128b size = 3, maxSize = 32, parentContextCount = 0, hitCount = 157, missCount = 3, failureCount = 0]
2025-05-01T18:02:25.144-04:00 DEBUG 12281 --- [petuser] [           main] org.springframework.test.context.cache   : Spring test ApplicationContext cache statistics: [DefaultContextCache@1ed0128b size = 3, maxSize = 32, parentContextCount = 0, hitCount = 158, missCount = 3, failureCount = 0]
2025-05-01T18:02:25.144-04:00 DEBUG 12281 --- [petuser] [           main] sContextBeforeModesTestExecutionListener : Before test method: class [UsuarioControllerTest], method [getUsuarioByIdNotFoundTest], class annotated with @DirtiesContext [false] with mode [null], method annotated with @DirtiesContext [false] with mode [null]
2025-05-01T18:02:25.145-04:00 DEBUG 12281 --- [petuser] [           main] org.springframework.test.context.cache   : Spring test ApplicationContext cache statistics: [DefaultContextCache@1ed0128b size = 3, maxSize = 32, parentContextCount = 0, hitCount = 159, missCount = 3, failureCount = 0]
2025-05-01T18:02:25.145-04:00 DEBUG 12281 --- [petuser] [           main] org.springframework.test.context.cache   : Spring test ApplicationContext cache statistics: [DefaultContextCache@1ed0128b size = 3, maxSize = 32, parentContextCount = 0, hitCount = 160, missCount = 3, failureCount = 0]
2025-05-01T18:02:25.145-04:00 DEBUG 12281 --- [petuser] [           main] org.springframework.test.context.cache   : Spring test ApplicationContext cache statistics: [DefaultContextCache@1ed0128b size = 3, maxSize = 32, parentContextCount = 0, hitCount = 161, missCount = 3, failureCount = 0]
2025-05-01T18:02:25.145-04:00 DEBUG 12281 --- [petuser] [           main] org.springframework.test.context.cache   : Spring test ApplicationContext cache statistics: [DefaultContextCache@1ed0128b size = 3, maxSize = 32, parentContextCount = 0, hitCount = 162, missCount = 3, failureCount = 0]
2025-05-01T18:02:25.145-04:00 DEBUG 12281 --- [petuser] [           main] o.s.t.web.servlet.TestDispatcherServlet  : GET "/api/v1/usuarios/1", parameters={}
2025-05-01T18:02:25.146-04:00 DEBUG 12281 --- [petuser] [           main] s.w.s.m.m.a.RequestMappingHandlerMapping : Mapped to com.petuser.petuser.controller.UsuarioController#getUsuarioById(Long)
2025-05-01T18:02:25.146-04:00  INFO 12281 --- [petuser] [           main] c.p.p.controller.UsuarioController       : Getting user by id: 1
2025-05-01T18:02:25.146-04:00 ERROR 12281 --- [petuser] [           main] c.p.p.controller.UsuarioController       : User not found: 1
2025-05-01T18:02:25.146-04:00 DEBUG 12281 --- [petuser] [           main] o.s.w.s.m.m.a.HttpEntityMethodProcessor  : Using 'application/json', given [*/*] and supported [application/json, application/*+json]
2025-05-01T18:02:25.146-04:00 DEBUG 12281 --- [petuser] [           main] o.s.w.s.m.m.a.HttpEntityMethodProcessor  : Nothing to write: null body
2025-05-01T18:02:25.146-04:00 DEBUG 12281 --- [petuser] [           main] o.s.t.web.servlet.TestDispatcherServlet  : Completed 404 NOT_FOUND
2025-05-01T18:02:25.147-04:00 DEBUG 12281 --- [petuser] [           main] org.springframework.test.context.cache   : Spring test ApplicationContext cache statistics: [DefaultContextCache@1ed0128b size = 3, maxSize = 32, parentContextCount = 0, hitCount = 163, missCount = 3, failureCount = 0]
2025-05-01T18:02:25.147-04:00 DEBUG 12281 --- [petuser] [           main] org.springframework.test.context.cache   : Spring test ApplicationContext cache statistics: [DefaultContextCache@1ed0128b size = 3, maxSize = 32, parentContextCount = 0, hitCount = 164, missCount = 3, failureCount = 0]
2025-05-01T18:02:25.147-04:00 DEBUG 12281 --- [petuser] [           main] org.springframework.test.context.cache   : Spring test ApplicationContext cache statistics: [DefaultContextCache@1ed0128b size = 3, maxSize = 32, parentContextCount = 0, hitCount = 165, missCount = 3, failureCount = 0]
2025-05-01T18:02:25.147-04:00 DEBUG 12281 --- [petuser] [           main] org.springframework.test.context.cache   : Spring test ApplicationContext cache statistics: [DefaultContextCache@1ed0128b size = 3, maxSize = 32, parentContextCount = 0, hitCount = 166, missCount = 3, failureCount = 0]
2025-05-01T18:02:25.147-04:00 DEBUG 12281 --- [petuser] [           main] org.springframework.test.context.cache   : Spring test ApplicationContext cache statistics: [DefaultContextCache@1ed0128b size = 3, maxSize = 32, parentContextCount = 0, hitCount = 167, missCount = 3, failureCount = 0]
2025-05-01T18:02:25.147-04:00 DEBUG 12281 --- [petuser] [           main] org.springframework.test.context.cache   : Spring test ApplicationContext cache statistics: [DefaultContextCache@1ed0128b size = 3, maxSize = 32, parentContextCount = 0, hitCount = 168, missCount = 3, failureCount = 0]
2025-05-01T18:02:25.147-04:00 DEBUG 12281 --- [petuser] [           main] org.springframework.test.context.cache   : Spring test ApplicationContext cache statistics: [DefaultContextCache@1ed0128b size = 3, maxSize = 32, parentContextCount = 0, hitCount = 169, missCount = 3, failureCount = 0]
2025-05-01T18:02:25.147-04:00 DEBUG 12281 --- [petuser] [           main] .c.s.DirtiesContextTestExecutionListener : After test method: class [UsuarioControllerTest], method [getUsuarioByIdNotFoundTest], class annotated with @DirtiesContext [false] with mode [null], method annotated with @DirtiesContext [false] with mode [null]
]]></system-out>
  </testcase>
  <testcase name="deleteUsuarioTest" classname="com.petuser.petuser.controller.UsuarioControllerTest" time="0.006">
    <system-out><![CDATA[2025-05-01T18:02:25.148-04:00 DEBUG 12281 --- [petuser] [           main] org.springframework.test.context.cache   : Spring test ApplicationContext cache statistics: [DefaultContextCache@1ed0128b size = 3, maxSize = 32, parentContextCount = 0, hitCount = 170, missCount = 3, failureCount = 0]
2025-05-01T18:02:25.148-04:00 DEBUG 12281 --- [petuser] [           main] DependencyInjectionTestExecutionListener : Performing dependency injection for test class com.petuser.petuser.controller.UsuarioControllerTest
2025-05-01T18:02:25.148-04:00 DEBUG 12281 --- [petuser] [           main] org.springframework.test.context.cache   : Spring test ApplicationContext cache statistics: [DefaultContextCache@1ed0128b size = 3, maxSize = 32, parentContextCount = 0, hitCount = 171, missCount = 3, failureCount = 0]
2025-05-01T18:02:25.148-04:00 DEBUG 12281 --- [petuser] [           main] org.springframework.test.context.cache   : Spring test ApplicationContext cache statistics: [DefaultContextCache@1ed0128b size = 3, maxSize = 32, parentContextCount = 0, hitCount = 172, missCount = 3, failureCount = 0]
2025-05-01T18:02:25.149-04:00 DEBUG 12281 --- [petuser] [           main] sContextBeforeModesTestExecutionListener : Before test method: class [UsuarioControllerTest], method [deleteUsuarioTest], class annotated with @DirtiesContext [false] with mode [null], method annotated with @DirtiesContext [false] with mode [null]
2025-05-01T18:02:25.150-04:00 DEBUG 12281 --- [petuser] [           main] org.springframework.test.context.cache   : Spring test ApplicationContext cache statistics: [DefaultContextCache@1ed0128b size = 3, maxSize = 32, parentContextCount = 0, hitCount = 173, missCount = 3, failureCount = 0]
2025-05-01T18:02:25.150-04:00 DEBUG 12281 --- [petuser] [           main] org.springframework.test.context.cache   : Spring test ApplicationContext cache statistics: [DefaultContextCache@1ed0128b size = 3, maxSize = 32, parentContextCount = 0, hitCount = 174, missCount = 3, failureCount = 0]
2025-05-01T18:02:25.150-04:00 DEBUG 12281 --- [petuser] [           main] org.springframework.test.context.cache   : Spring test ApplicationContext cache statistics: [DefaultContextCache@1ed0128b size = 3, maxSize = 32, parentContextCount = 0, hitCount = 175, missCount = 3, failureCount = 0]
2025-05-01T18:02:25.150-04:00 DEBUG 12281 --- [petuser] [           main] org.springframework.test.context.cache   : Spring test ApplicationContext cache statistics: [DefaultContextCache@1ed0128b size = 3, maxSize = 32, parentContextCount = 0, hitCount = 176, missCount = 3, failureCount = 0]
2025-05-01T18:02:25.151-04:00 DEBUG 12281 --- [petuser] [           main] o.s.t.web.servlet.TestDispatcherServlet  : DELETE "/api/v1/usuarios/1", parameters={}
2025-05-01T18:02:25.151-04:00 DEBUG 12281 --- [petuser] [           main] s.w.s.m.m.a.RequestMappingHandlerMapping : Mapped to com.petuser.petuser.controller.UsuarioController#deleteUsuario(Long)
2025-05-01T18:02:25.151-04:00  INFO 12281 --- [petuser] [           main] c.p.p.controller.UsuarioController       : Deleting user: 1
2025-05-01T18:02:25.151-04:00  INFO 12281 --- [petuser] [           main] c.p.p.controller.UsuarioController       : User deleted: 1
2025-05-01T18:02:25.152-04:00 DEBUG 12281 --- [petuser] [           main] o.s.w.s.m.m.a.HttpEntityMethodProcessor  : Using 'application/json', given [*/*] and supported [application/json, application/*+json]
2025-05-01T18:02:25.152-04:00 DEBUG 12281 --- [petuser] [           main] o.s.w.s.m.m.a.HttpEntityMethodProcessor  : Nothing to write: null body
2025-05-01T18:02:25.152-04:00 DEBUG 12281 --- [petuser] [           main] o.s.t.web.servlet.TestDispatcherServlet  : Completed 204 NO_CONTENT
2025-05-01T18:02:25.154-04:00 DEBUG 12281 --- [petuser] [           main] org.springframework.test.context.cache   : Spring test ApplicationContext cache statistics: [DefaultContextCache@1ed0128b size = 3, maxSize = 32, parentContextCount = 0, hitCount = 177, missCount = 3, failureCount = 0]
2025-05-01T18:02:25.154-04:00 DEBUG 12281 --- [petuser] [           main] org.springframework.test.context.cache   : Spring test ApplicationContext cache statistics: [DefaultContextCache@1ed0128b size = 3, maxSize = 32, parentContextCount = 0, hitCount = 178, missCount = 3, failureCount = 0]
2025-05-01T18:02:25.154-04:00 DEBUG 12281 --- [petuser] [           main] org.springframework.test.context.cache   : Spring test ApplicationContext cache statistics: [DefaultContextCache@1ed0128b size = 3, maxSize = 32, parentContextCount = 0, hitCount = 179, missCount = 3, failureCount = 0]
2025-05-01T18:02:25.154-04:00 DEBUG 12281 --- [petuser] [           main] org.springframework.test.context.cache   : Spring test ApplicationContext cache statistics: [DefaultContextCache@1ed0128b size = 3, maxSize = 32, parentContextCount = 0, hitCount = 180, missCount = 3, failureCount = 0]
2025-05-01T18:02:25.154-04:00 DEBUG 12281 --- [petuser] [           main] org.springframework.test.context.cache   : Spring test ApplicationContext cache statistics: [DefaultContextCache@1ed0128b size = 3, maxSize = 32, parentContextCount = 0, hitCount = 181, missCount = 3, failureCount = 0]
2025-05-01T18:02:25.155-04:00 DEBUG 12281 --- [petuser] [           main] org.springframework.test.context.cache   : Spring test ApplicationContext cache statistics: [DefaultContextCache@1ed0128b size = 3, maxSize = 32, parentContextCount = 0, hitCount = 182, missCount = 3, failureCount = 0]
2025-05-01T18:02:25.155-04:00 DEBUG 12281 --- [petuser] [           main] org.springframework.test.context.cache   : Spring test ApplicationContext cache statistics: [DefaultContextCache@1ed0128b size = 3, maxSize = 32, parentContextCount = 0, hitCount = 183, missCount = 3, failureCount = 0]
2025-05-01T18:02:25.155-04:00 DEBUG 12281 --- [petuser] [           main] .c.s.DirtiesContextTestExecutionListener : After test method: class [UsuarioControllerTest], method [deleteUsuarioTest], class annotated with @DirtiesContext [false] with mode [null], method annotated with @DirtiesContext [false] with mode [null]
]]></system-out>
  </testcase>
  <testcase name="getUsuarioByIdTest" classname="com.petuser.petuser.controller.UsuarioControllerTest" time="0.004">
    <system-out><![CDATA[2025-05-01T18:02:25.155-04:00 DEBUG 12281 --- [petuser] [           main] org.springframework.test.context.cache   : Spring test ApplicationContext cache statistics: [DefaultContextCache@1ed0128b size = 3, maxSize = 32, parentContextCount = 0, hitCount = 184, missCount = 3, failureCount = 0]
2025-05-01T18:02:25.155-04:00 DEBUG 12281 --- [petuser] [           main] DependencyInjectionTestExecutionListener : Performing dependency injection for test class com.petuser.petuser.controller.UsuarioControllerTest
2025-05-01T18:02:25.156-04:00 DEBUG 12281 --- [petuser] [           main] org.springframework.test.context.cache   : Spring test ApplicationContext cache statistics: [DefaultContextCache@1ed0128b size = 3, maxSize = 32, parentContextCount = 0, hitCount = 185, missCount = 3, failureCount = 0]
2025-05-01T18:02:25.156-04:00 DEBUG 12281 --- [petuser] [           main] org.springframework.test.context.cache   : Spring test ApplicationContext cache statistics: [DefaultContextCache@1ed0128b size = 3, maxSize = 32, parentContextCount = 0, hitCount = 186, missCount = 3, failureCount = 0]
2025-05-01T18:02:25.156-04:00 DEBUG 12281 --- [petuser] [           main] sContextBeforeModesTestExecutionListener : Before test method: class [UsuarioControllerTest], method [getUsuarioByIdTest], class annotated with @DirtiesContext [false] with mode [null], method annotated with @DirtiesContext [false] with mode [null]
2025-05-01T18:02:25.157-04:00 DEBUG 12281 --- [petuser] [           main] org.springframework.test.context.cache   : Spring test ApplicationContext cache statistics: [DefaultContextCache@1ed0128b size = 3, maxSize = 32, parentContextCount = 0, hitCount = 187, missCount = 3, failureCount = 0]
2025-05-01T18:02:25.157-04:00 DEBUG 12281 --- [petuser] [           main] org.springframework.test.context.cache   : Spring test ApplicationContext cache statistics: [DefaultContextCache@1ed0128b size = 3, maxSize = 32, parentContextCount = 0, hitCount = 188, missCount = 3, failureCount = 0]
2025-05-01T18:02:25.157-04:00 DEBUG 12281 --- [petuser] [           main] org.springframework.test.context.cache   : Spring test ApplicationContext cache statistics: [DefaultContextCache@1ed0128b size = 3, maxSize = 32, parentContextCount = 0, hitCount = 189, missCount = 3, failureCount = 0]
2025-05-01T18:02:25.157-04:00 DEBUG 12281 --- [petuser] [           main] org.springframework.test.context.cache   : Spring test ApplicationContext cache statistics: [DefaultContextCache@1ed0128b size = 3, maxSize = 32, parentContextCount = 0, hitCount = 190, missCount = 3, failureCount = 0]
2025-05-01T18:02:25.158-04:00 DEBUG 12281 --- [petuser] [           main] o.s.t.web.servlet.TestDispatcherServlet  : GET "/api/v1/usuarios/1", parameters={}
2025-05-01T18:02:25.158-04:00 DEBUG 12281 --- [petuser] [           main] s.w.s.m.m.a.RequestMappingHandlerMapping : Mapped to com.petuser.petuser.controller.UsuarioController#getUsuarioById(Long)
2025-05-01T18:02:25.158-04:00  INFO 12281 --- [petuser] [           main] c.p.p.controller.UsuarioController       : Getting user by id: 1
2025-05-01T18:02:25.158-04:00  INFO 12281 --- [petuser] [           main] c.p.p.controller.UsuarioController       : User found: UsuarioGetResponse(id=null, nombre=Juan, apellido=Pérez, email=juan.perez@gmail.com, telefono=null, direccion=null, rol=null)
2025-05-01T18:02:25.158-04:00 DEBUG 12281 --- [petuser] [           main] o.s.w.s.m.m.a.HttpEntityMethodProcessor  : Using 'application/json', given [*/*] and supported [application/json, application/*+json]
2025-05-01T18:02:25.158-04:00 DEBUG 12281 --- [petuser] [           main] o.s.w.s.m.m.a.HttpEntityMethodProcessor  : Writing [UsuarioGetResponse(id=null, nombre=Juan, apellido=Pérez, email=juan.perez@gmail.com, telefono=null,  (truncated)...]
2025-05-01T18:02:25.158-04:00 DEBUG 12281 --- [petuser] [           main] o.s.t.web.servlet.TestDispatcherServlet  : Completed 200 OK
2025-05-01T18:02:25.159-04:00 DEBUG 12281 --- [petuser] [           main] org.springframework.test.context.cache   : Spring test ApplicationContext cache statistics: [DefaultContextCache@1ed0128b size = 3, maxSize = 32, parentContextCount = 0, hitCount = 191, missCount = 3, failureCount = 0]
2025-05-01T18:02:25.159-04:00 DEBUG 12281 --- [petuser] [           main] org.springframework.test.context.cache   : Spring test ApplicationContext cache statistics: [DefaultContextCache@1ed0128b size = 3, maxSize = 32, parentContextCount = 0, hitCount = 192, missCount = 3, failureCount = 0]
2025-05-01T18:02:25.159-04:00 DEBUG 12281 --- [petuser] [           main] org.springframework.test.context.cache   : Spring test ApplicationContext cache statistics: [DefaultContextCache@1ed0128b size = 3, maxSize = 32, parentContextCount = 0, hitCount = 193, missCount = 3, failureCount = 0]
2025-05-01T18:02:25.159-04:00 DEBUG 12281 --- [petuser] [           main] org.springframework.test.context.cache   : Spring test ApplicationContext cache statistics: [DefaultContextCache@1ed0128b size = 3, maxSize = 32, parentContextCount = 0, hitCount = 194, missCount = 3, failureCount = 0]
2025-05-01T18:02:25.159-04:00 DEBUG 12281 --- [petuser] [           main] org.springframework.test.context.cache   : Spring test ApplicationContext cache statistics: [DefaultContextCache@1ed0128b size = 3, maxSize = 32, parentContextCount = 0, hitCount = 195, missCount = 3, failureCount = 0]
2025-05-01T18:02:25.159-04:00 DEBUG 12281 --- [petuser] [           main] org.springframework.test.context.cache   : Spring test ApplicationContext cache statistics: [DefaultContextCache@1ed0128b size = 3, maxSize = 32, parentContextCount = 0, hitCount = 196, missCount = 3, failureCount = 0]
2025-05-01T18:02:25.160-04:00 DEBUG 12281 --- [petuser] [           main] org.springframework.test.context.cache   : Spring test ApplicationContext cache statistics: [DefaultContextCache@1ed0128b size = 3, maxSize = 32, parentContextCount = 0, hitCount = 197, missCount = 3, failureCount = 0]
2025-05-01T18:02:25.160-04:00 DEBUG 12281 --- [petuser] [           main] .c.s.DirtiesContextTestExecutionListener : After test method: class [UsuarioControllerTest], method [getUsuarioByIdTest], class annotated with @DirtiesContext [false] with mode [null], method annotated with @DirtiesContext [false] with mode [null]
]]></system-out>
  </testcase>
</testsuite>